[0.096s] Invoking command in '/home/lx/robot/campus_patrol_robot/xiao_ying/build/pointcloud_to_laserscan': CMAKE_PREFIX_PATH=/opt/ros/humble /usr/bin/cmake /home/lx/robot/campus_patrol_robot/xiao_ying/src/pointcloud_to_laserscan -DROS_EDITION=ROS2 -DHUMBLE_ROS=humble -DCMAKE_INSTALL_PREFIX=/home/lx/robot/campus_patrol_robot/xiao_ying/install/pointcloud_to_laserscan
[0.138s] -- The C compiler identification is GNU 11.4.0
[0.195s] -- The CXX compiler identification is GNU 11.4.0
[0.200s] -- Detecting C compiler ABI info
[0.251s] -- Detecting C compiler ABI info - done
[0.258s] -- Check for working C compiler: /usr/bin/cc - skipped
[0.258s] -- Detecting C compile features
[0.259s] -- Detecting C compile features - done
[0.261s] -- Detecting CXX compiler ABI info
[0.325s] -- Detecting CXX compiler ABI info - done
[0.332s] -- Check for working CXX compiler: /usr/bin/c++ - skipped
[0.332s] -- Detecting CXX compile features
[0.333s] -- Detecting CXX compile features - done
[0.334s] -- Found ament_cmake_auto: 1.3.5 (/opt/ros/humble/share/ament_cmake_auto/cmake)
[0.485s] -- Found Python3: /usr/bin/python3.10 (found version "3.10.12") found components: Interpreter 
[0.669s] -- Found rosidl_generator_c: 3.1.5 (/opt/ros/humble/share/rosidl_generator_c/cmake)
[0.673s] -- Found rosidl_adapter: 3.1.5 (/opt/ros/humble/share/rosidl_adapter/cmake)
[0.680s] -- Found rosidl_generator_cpp: 3.1.5 (/opt/ros/humble/share/rosidl_generator_cpp/cmake)
[0.690s] -- Using all available rosidl_typesupport_c: rosidl_typesupport_fastrtps_c;rosidl_typesupport_introspection_c
[0.707s] -- Using all available rosidl_typesupport_cpp: rosidl_typesupport_fastrtps_cpp;rosidl_typesupport_introspection_cpp
[0.765s] -- Found rmw_implementation_cmake: 6.1.1 (/opt/ros/humble/share/rmw_implementation_cmake/cmake)
[0.768s] -- Found rmw_fastrtps_cpp: 6.2.4 (/opt/ros/humble/share/rmw_fastrtps_cpp/cmake)
[0.855s] -- Found OpenSSL: /usr/lib/x86_64-linux-gnu/libcrypto.so (found version "3.0.2")  
[0.884s] -- Found FastRTPS: /opt/ros/humble/include  
[0.930s] -- Using RMW implementation 'rmw_fastrtps_cpp' as default
[0.938s] -- Looking for pthread.h
[0.996s] -- Looking for pthread.h - found
[0.996s] -- Performing Test CMAKE_HAVE_LIBC_PTHREAD
[1.057s] -- Performing Test CMAKE_HAVE_LIBC_PTHREAD - Success
[1.058s] -- Found Threads: TRUE  
[1.733s] -- Found ament_lint_auto: 0.12.8 (/opt/ros/humble/share/ament_lint_auto/cmake)
[1.747s] -- Added test 'cppcheck' to perform static code analysis on C / C++ code
[1.747s] -- Configured cppcheck include dirs: /home/lx/robot/campus_patrol_robot/xiao_ying/src/pointcloud_to_laserscan/include
[1.747s] -- Configured cppcheck exclude dirs and/or files: 
[1.749s] -- Added test 'cpplint' to check C / C++ code against the Google style
[1.749s] -- Configured cpplint exclude dirs and/or files: 
[1.750s] -- Added test 'flake8' to check Python code syntax and style conventions
[1.750s] -- Added test 'lint_cmake' to check CMake code style
[1.751s] -- Added test 'pep257' to check Python code against some of the docstring style conventions in PEP 257
[1.752s] -- Added test 'uncrustify' to check C / C++ code style
[1.753s] -- Configured uncrustify additional arguments: 
[1.753s] -- Added test 'xmllint' to check XML markup files
[1.755s] -- Configuring done
[1.781s] -- Generating done
[1.782s] [33mCMake Warning:
[1.782s]   Manually-specified variables were not used by the project:
[1.782s] 
[1.782s]     HUMBLE_ROS
[1.782s]     ROS_EDITION
[1.782s] 
[1.782s] [0m
[1.782s] -- Build files have been written to: /home/lx/robot/campus_patrol_robot/xiao_ying/build/pointcloud_to_laserscan
[1.791s] Invoked command in '/home/lx/robot/campus_patrol_robot/xiao_ying/build/pointcloud_to_laserscan' returned '0': CMAKE_PREFIX_PATH=/opt/ros/humble /usr/bin/cmake /home/lx/robot/campus_patrol_robot/xiao_ying/src/pointcloud_to_laserscan -DROS_EDITION=ROS2 -DHUMBLE_ROS=humble -DCMAKE_INSTALL_PREFIX=/home/lx/robot/campus_patrol_robot/xiao_ying/install/pointcloud_to_laserscan
[1.793s] Invoking command in '/home/lx/robot/campus_patrol_robot/xiao_ying/build/pointcloud_to_laserscan': CMAKE_PREFIX_PATH=/opt/ros/humble /usr/bin/cmake --build /home/lx/robot/campus_patrol_robot/xiao_ying/build/pointcloud_to_laserscan -- -j12 -l12
[1.828s] [ 20%] [32mBuilding CXX object CMakeFiles/laserscan_to_pointcloud_node.dir/rclcpp_components/node_main_laserscan_to_pointcloud_node.cpp.o[0m
[1.828s] [ 20%] [32mBuilding CXX object CMakeFiles/laserscan_to_pointcloud.dir/src/laserscan_to_pointcloud_node.cpp.o[0m
[1.834s] [ 30%] [32mBuilding CXX object CMakeFiles/pointcloud_to_laserscan_node.dir/rclcpp_components/node_main_pointcloud_to_laserscan_node.cpp.o[0m
[5.276s] [ 40%] [32m[1mLinking CXX executable laserscan_to_pointcloud_node[0m
[5.491s] [ 50%] [32m[1mLinking CXX executable pointcloud_to_laserscan_node[0m
[5.531s] [ 50%] Built target laserscan_to_pointcloud_node
[5.766s] [ 50%] Built target pointcloud_to_laserscan_node
[17.653s] [ 60%] [32m[1mLinking CXX shared library liblaserscan_to_pointcloud.so[0m
[18.474s] [ 60%] Built target laserscan_to_pointcloud
[18.491s] [ 70%] [32mBuilding CXX object CMakeFiles/pointcloud_to_laserscan.dir/src/pointcloud_to_laserscan_node.cpp.o[0m
[31.529s] [ 80%] [32m[1mLinking CXX shared library libpointcloud_to_laserscan.so[0m
[32.708s] [ 80%] Built target pointcloud_to_laserscan
[32.726s] [ 90%] [32mBuilding CXX object CMakeFiles/dummy_pointcloud_publisher.dir/src/dummy_pointcloud_publisher.cpp.o[0m
[36.810s] [100%] [32m[1mLinking CXX executable dummy_pointcloud_publisher[0m
[37.022s] [100%] Built target dummy_pointcloud_publisher
[37.032s] Invoked command in '/home/lx/robot/campus_patrol_robot/xiao_ying/build/pointcloud_to_laserscan' returned '0': CMAKE_PREFIX_PATH=/opt/ros/humble /usr/bin/cmake --build /home/lx/robot/campus_patrol_robot/xiao_ying/build/pointcloud_to_laserscan -- -j12 -l12
[37.055s] Invoking command in '/home/lx/robot/campus_patrol_robot/xiao_ying/build/pointcloud_to_laserscan': CMAKE_PREFIX_PATH=/opt/ros/humble /usr/bin/cmake --install /home/lx/robot/campus_patrol_robot/xiao_ying/build/pointcloud_to_laserscan
[37.061s] -- Install configuration: ""
[37.061s] -- Installing: /home/lx/robot/campus_patrol_robot/xiao_ying/install/pointcloud_to_laserscan/lib/pointcloud_to_laserscan/laserscan_to_pointcloud_node
[37.062s] -- Set runtime path of "/home/lx/robot/campus_patrol_robot/xiao_ying/install/pointcloud_to_laserscan/lib/pointcloud_to_laserscan/laserscan_to_pointcloud_node" to ""
[37.062s] -- Installing: /home/lx/robot/campus_patrol_robot/xiao_ying/install/pointcloud_to_laserscan/lib/pointcloud_to_laserscan/pointcloud_to_laserscan_node
[37.062s] -- Set runtime path of "/home/lx/robot/campus_patrol_robot/xiao_ying/install/pointcloud_to_laserscan/lib/pointcloud_to_laserscan/pointcloud_to_laserscan_node" to ""
[37.062s] -- Installing: /home/lx/robot/campus_patrol_robot/xiao_ying/install/pointcloud_to_laserscan/share/pointcloud_to_laserscan/config
[37.062s] -- Installing: /home/lx/robot/campus_patrol_robot/xiao_ying/install/pointcloud_to_laserscan/share/pointcloud_to_laserscan/config/mid_360.lua
[37.062s] -- Installing: /home/lx/robot/campus_patrol_robot/xiao_ying/install/pointcloud_to_laserscan/share/pointcloud_to_laserscan/launch
[37.062s] -- Installing: /home/lx/robot/campus_patrol_robot/xiao_ying/install/pointcloud_to_laserscan/share/pointcloud_to_laserscan/launch/sample_pointcloud_to_laserscan_launch.py
[37.062s] -- Installing: /home/lx/robot/campus_patrol_robot/xiao_ying/install/pointcloud_to_laserscan/share/pointcloud_to_laserscan/launch/occupancy_grid.launch.py
[37.062s] -- Installing: /home/lx/robot/campus_patrol_robot/xiao_ying/install/pointcloud_to_laserscan/share/pointcloud_to_laserscan/launch/sample_laserscan_to_pointcloud_launch.py
[37.062s] -- Installing: /home/lx/robot/campus_patrol_robot/xiao_ying/install/pointcloud_to_laserscan/share/pointcloud_to_laserscan/launch/sample_pointcloud_to_lasser_cartographer.launch.py
[37.063s] -- Installing: /home/lx/robot/campus_patrol_robot/xiao_ying/install/pointcloud_to_laserscan/include
[37.063s] -- Installing: /home/lx/robot/campus_patrol_robot/xiao_ying/install/pointcloud_to_laserscan/include/pointcloud_to_laserscan
[37.063s] -- Installing: /home/lx/robot/campus_patrol_robot/xiao_ying/install/pointcloud_to_laserscan/include/pointcloud_to_laserscan/visibility_control.h
[37.063s] -- Installing: /home/lx/robot/campus_patrol_robot/xiao_ying/install/pointcloud_to_laserscan/include/pointcloud_to_laserscan/pointcloud_to_laserscan_node.hpp
[37.063s] -- Installing: /home/lx/robot/campus_patrol_robot/xiao_ying/install/pointcloud_to_laserscan/include/pointcloud_to_laserscan/laserscan_to_pointcloud_node.hpp
[37.063s] -- Installing: /home/lx/robot/campus_patrol_robot/xiao_ying/install/pointcloud_to_laserscan/share/pointcloud_to_laserscan/environment/library_path.sh
[37.063s] -- Installing: /home/lx/robot/campus_patrol_robot/xiao_ying/install/pointcloud_to_laserscan/share/pointcloud_to_laserscan/environment/library_path.dsv
[37.063s] -- Installing: /home/lx/robot/campus_patrol_robot/xiao_ying/install/pointcloud_to_laserscan/lib/liblaserscan_to_pointcloud.so
[37.068s] -- Set runtime path of "/home/lx/robot/campus_patrol_robot/xiao_ying/install/pointcloud_to_laserscan/lib/liblaserscan_to_pointcloud.so" to ""
[37.068s] -- Installing: /home/lx/robot/campus_patrol_robot/xiao_ying/install/pointcloud_to_laserscan/lib/libpointcloud_to_laserscan.so
[37.074s] -- Set runtime path of "/home/lx/robot/campus_patrol_robot/xiao_ying/install/pointcloud_to_laserscan/lib/libpointcloud_to_laserscan.so" to ""
[37.074s] -- Installing: /home/lx/robot/campus_patrol_robot/xiao_ying/install/pointcloud_to_laserscan/lib/pointcloud_to_laserscan/dummy_pointcloud_publisher
[37.074s] -- Set runtime path of "/home/lx/robot/campus_patrol_robot/xiao_ying/install/pointcloud_to_laserscan/lib/pointcloud_to_laserscan/dummy_pointcloud_publisher" to ""
[37.074s] -- Up-to-date: /home/lx/robot/campus_patrol_robot/xiao_ying/install/pointcloud_to_laserscan/share/pointcloud_to_laserscan/launch
[37.075s] -- Up-to-date: /home/lx/robot/campus_patrol_robot/xiao_ying/install/pointcloud_to_laserscan/share/pointcloud_to_laserscan/launch/sample_pointcloud_to_laserscan_launch.py
[37.075s] -- Up-to-date: /home/lx/robot/campus_patrol_robot/xiao_ying/install/pointcloud_to_laserscan/share/pointcloud_to_laserscan/launch/occupancy_grid.launch.py
[37.075s] -- Up-to-date: /home/lx/robot/campus_patrol_robot/xiao_ying/install/pointcloud_to_laserscan/share/pointcloud_to_laserscan/launch/sample_laserscan_to_pointcloud_launch.py
[37.075s] -- Up-to-date: /home/lx/robot/campus_patrol_robot/xiao_ying/install/pointcloud_to_laserscan/share/pointcloud_to_laserscan/launch/sample_pointcloud_to_lasser_cartographer.launch.py
[37.075s] -- Installing: /home/lx/robot/campus_patrol_robot/xiao_ying/install/pointcloud_to_laserscan/share/ament_index/resource_index/package_run_dependencies/pointcloud_to_laserscan
[37.075s] -- Installing: /home/lx/robot/campus_patrol_robot/xiao_ying/install/pointcloud_to_laserscan/share/ament_index/resource_index/parent_prefix_path/pointcloud_to_laserscan
[37.075s] -- Installing: /home/lx/robot/campus_patrol_robot/xiao_ying/install/pointcloud_to_laserscan/share/pointcloud_to_laserscan/environment/ament_prefix_path.sh
[37.075s] -- Installing: /home/lx/robot/campus_patrol_robot/xiao_ying/install/pointcloud_to_laserscan/share/pointcloud_to_laserscan/environment/ament_prefix_path.dsv
[37.075s] -- Installing: /home/lx/robot/campus_patrol_robot/xiao_ying/install/pointcloud_to_laserscan/share/pointcloud_to_laserscan/environment/path.sh
[37.075s] -- Installing: /home/lx/robot/campus_patrol_robot/xiao_ying/install/pointcloud_to_laserscan/share/pointcloud_to_laserscan/environment/path.dsv
[37.075s] -- Installing: /home/lx/robot/campus_patrol_robot/xiao_ying/install/pointcloud_to_laserscan/share/pointcloud_to_laserscan/local_setup.bash
[37.075s] -- Installing: /home/lx/robot/campus_patrol_robot/xiao_ying/install/pointcloud_to_laserscan/share/pointcloud_to_laserscan/local_setup.sh
[37.075s] -- Installing: /home/lx/robot/campus_patrol_robot/xiao_ying/install/pointcloud_to_laserscan/share/pointcloud_to_laserscan/local_setup.zsh
[37.075s] -- Installing: /home/lx/robot/campus_patrol_robot/xiao_ying/install/pointcloud_to_laserscan/share/pointcloud_to_laserscan/local_setup.dsv
[37.076s] -- Installing: /home/lx/robot/campus_patrol_robot/xiao_ying/install/pointcloud_to_laserscan/share/pointcloud_to_laserscan/package.dsv
[37.076s] -- Installing: /home/lx/robot/campus_patrol_robot/xiao_ying/install/pointcloud_to_laserscan/share/ament_index/resource_index/packages/pointcloud_to_laserscan
[37.076s] -- Installing: /home/lx/robot/campus_patrol_robot/xiao_ying/install/pointcloud_to_laserscan/share/ament_index/resource_index/rclcpp_components/pointcloud_to_laserscan
[37.076s] -- Installing: /home/lx/robot/campus_patrol_robot/xiao_ying/install/pointcloud_to_laserscan/share/pointcloud_to_laserscan/cmake/ament_cmake_export_dependencies-extras.cmake
[37.076s] -- Installing: /home/lx/robot/campus_patrol_robot/xiao_ying/install/pointcloud_to_laserscan/share/pointcloud_to_laserscan/cmake/ament_cmake_export_include_directories-extras.cmake
[37.076s] -- Installing: /home/lx/robot/campus_patrol_robot/xiao_ying/install/pointcloud_to_laserscan/share/pointcloud_to_laserscan/cmake/ament_cmake_export_libraries-extras.cmake
[37.076s] -- Installing: /home/lx/robot/campus_patrol_robot/xiao_ying/install/pointcloud_to_laserscan/share/pointcloud_to_laserscan/cmake/pointcloud_to_laserscanConfig.cmake
[37.076s] -- Installing: /home/lx/robot/campus_patrol_robot/xiao_ying/install/pointcloud_to_laserscan/share/pointcloud_to_laserscan/cmake/pointcloud_to_laserscanConfig-version.cmake
[37.076s] -- Installing: /home/lx/robot/campus_patrol_robot/xiao_ying/install/pointcloud_to_laserscan/share/pointcloud_to_laserscan/package.xml
[37.078s] Invoked command in '/home/lx/robot/campus_patrol_robot/xiao_ying/build/pointcloud_to_laserscan' returned '0': CMAKE_PREFIX_PATH=/opt/ros/humble /usr/bin/cmake --install /home/lx/robot/campus_patrol_robot/xiao_ying/build/pointcloud_to_laserscan
