[0.057s] Invoking command in '/home/lx/robot/campus_patrol_robot/xiao_ying/build/xiao_ying_navigation': CMAKE_PREFIX_PATH=/opt/ros/humble /usr/bin/cmake /home/lx/robot/campus_patrol_robot/xiao_ying/src/xiao_ying_navigation -DROS_EDITION=ROS2 -DHUMBLE_ROS=humble -DCMAKE_INSTALL_PREFIX=/home/lx/robot/campus_patrol_robot/xiao_ying/install/xiao_ying_navigation
[0.104s] -- The C compiler identification is GNU 11.4.0
[0.150s] -- The CXX compiler identification is GNU 11.4.0
[0.156s] -- Detecting C compiler ABI info
[0.207s] -- Detecting C compiler ABI info - done
[0.214s] -- Check for working C compiler: /usr/bin/cc - skipped
[0.214s] -- Detecting C compile features
[0.214s] -- Detecting C compile features - done
[0.217s] -- Detecting CXX compiler ABI info
[0.278s] -- Detecting CXX compiler ABI info - done
[0.285s] -- Check for working CXX compiler: /usr/bin/c++ - skipped
[0.285s] -- Detecting CXX compile features
[0.286s] -- Detecting CXX compile features - done
[0.288s] -- Found ament_cmake: 1.3.5 (/opt/ros/humble/share/ament_cmake/cmake)
[0.447s] -- Found Python3: /usr/bin/python3.10 (found version "3.10.12") found components: Interpreter 
[0.533s] -- Found rclcpp: 16.0.6 (/opt/ros/humble/share/rclcpp/cmake)
[0.579s] -- Found rosidl_generator_c: 3.1.5 (/opt/ros/humble/share/rosidl_generator_c/cmake)
[0.583s] -- Found rosidl_adapter: 3.1.5 (/opt/ros/humble/share/rosidl_adapter/cmake)
[0.590s] -- Found rosidl_generator_cpp: 3.1.5 (/opt/ros/humble/share/rosidl_generator_cpp/cmake)
[0.601s] -- Using all available rosidl_typesupport_c: rosidl_typesupport_fastrtps_c;rosidl_typesupport_introspection_c
[0.617s] -- Using all available rosidl_typesupport_cpp: rosidl_typesupport_fastrtps_cpp;rosidl_typesupport_introspection_cpp
[0.676s] -- Found rmw_implementation_cmake: 6.1.1 (/opt/ros/humble/share/rmw_implementation_cmake/cmake)
[0.678s] -- Found rmw_fastrtps_cpp: 6.2.4 (/opt/ros/humble/share/rmw_fastrtps_cpp/cmake)
[0.755s] -- Found OpenSSL: /usr/lib/x86_64-linux-gnu/libcrypto.so (found version "3.0.2")  
[0.787s] -- Found FastRTPS: /opt/ros/humble/include  
[0.827s] -- Using RMW implementation 'rmw_fastrtps_cpp' as default
[0.835s] -- Looking for pthread.h
[0.887s] -- Looking for pthread.h - found
[0.887s] -- Performing Test CMAKE_HAVE_LIBC_PTHREAD
[0.940s] -- Performing Test CMAKE_HAVE_LIBC_PTHREAD - Success
[0.942s] -- Found Threads: TRUE  
[1.114s] -- Found ament_lint_auto: 0.12.8 (/opt/ros/humble/share/ament_lint_auto/cmake)
[1.175s] -- Added test 'flake8' to check Python code syntax and style conventions
[1.175s] -- Added test 'lint_cmake' to check CMake code style
[1.176s] -- Added test 'pep257' to check Python code against some of the docstring style conventions in PEP 257
[1.176s] -- Added test 'xmllint' to check XML markup files
[1.177s] -- Configuring done
[1.180s] -- Generating done
[1.181s] [33mCMake Warning:
[1.181s]   Manually-specified variables were not used by the project:
[1.181s] 
[1.181s]     HUMBLE_ROS
[1.181s]     ROS_EDITION
[1.181s] 
[1.181s] [0m
[1.182s] -- Build files have been written to: /home/lx/robot/campus_patrol_robot/xiao_ying/build/xiao_ying_navigation
[1.189s] Invoked command in '/home/lx/robot/campus_patrol_robot/xiao_ying/build/xiao_ying_navigation' returned '0': CMAKE_PREFIX_PATH=/opt/ros/humble /usr/bin/cmake /home/lx/robot/campus_patrol_robot/xiao_ying/src/xiao_ying_navigation -DROS_EDITION=ROS2 -DHUMBLE_ROS=humble -DCMAKE_INSTALL_PREFIX=/home/lx/robot/campus_patrol_robot/xiao_ying/install/xiao_ying_navigation
[1.190s] Invoking command in '/home/lx/robot/campus_patrol_robot/xiao_ying/build/xiao_ying_navigation': CMAKE_PREFIX_PATH=/opt/ros/humble /usr/bin/cmake --build /home/lx/robot/campus_patrol_robot/xiao_ying/build/xiao_ying_navigation -- -j12 -l12
[1.216s] Invoked command in '/home/lx/robot/campus_patrol_robot/xiao_ying/build/xiao_ying_navigation' returned '0': CMAKE_PREFIX_PATH=/opt/ros/humble /usr/bin/cmake --build /home/lx/robot/campus_patrol_robot/xiao_ying/build/xiao_ying_navigation -- -j12 -l12
[1.237s] Invoking command in '/home/lx/robot/campus_patrol_robot/xiao_ying/build/xiao_ying_navigation': CMAKE_PREFIX_PATH=/opt/ros/humble /usr/bin/cmake --install /home/lx/robot/campus_patrol_robot/xiao_ying/build/xiao_ying_navigation
[1.243s] -- Install configuration: ""
[1.243s] -- Installing: /home/lx/robot/campus_patrol_robot/xiao_ying/install/xiao_ying_navigation/share/xiao_ying_navigation/launch
[1.243s] -- Installing: /home/lx/robot/campus_patrol_robot/xiao_ying/install/xiao_ying_navigation/share/xiao_ying_navigation/launch/navigation.launch.py
[1.243s] -- Installing: /home/lx/robot/campus_patrol_robot/xiao_ying/install/xiao_ying_navigation/share/xiao_ying_navigation/map
[1.244s] -- Installing: /home/lx/robot/campus_patrol_robot/xiao_ying/install/xiao_ying_navigation/share/xiao_ying_navigation/map/map.pgm
[1.244s] -- Installing: /home/lx/robot/campus_patrol_robot/xiao_ying/install/xiao_ying_navigation/share/xiao_ying_navigation/map/map.yaml
[1.244s] -- Installing: /home/lx/robot/campus_patrol_robot/xiao_ying/install/xiao_ying_navigation/share/xiao_ying_navigation/param
[1.244s] -- Installing: /home/lx/robot/campus_patrol_robot/xiao_ying/install/xiao_ying_navigation/share/xiao_ying_navigation/param/xiao_ying.yaml
[1.244s] -- Installing: /home/lx/robot/campus_patrol_robot/xiao_ying/install/xiao_ying_navigation/share/xiao_ying_navigation/rviz
[1.244s] -- Installing: /home/lx/robot/campus_patrol_robot/xiao_ying/install/xiao_ying_navigation/share/xiao_ying_navigation/rviz/show.rviz
[1.244s] -- Installing: /home/lx/robot/campus_patrol_robot/xiao_ying/install/xiao_ying_navigation/share/ament_index/resource_index/package_run_dependencies/xiao_ying_navigation
[1.244s] -- Installing: /home/lx/robot/campus_patrol_robot/xiao_ying/install/xiao_ying_navigation/share/ament_index/resource_index/parent_prefix_path/xiao_ying_navigation
[1.244s] -- Installing: /home/lx/robot/campus_patrol_robot/xiao_ying/install/xiao_ying_navigation/share/xiao_ying_navigation/environment/ament_prefix_path.sh
[1.245s] -- Installing: /home/lx/robot/campus_patrol_robot/xiao_ying/install/xiao_ying_navigation/share/xiao_ying_navigation/environment/ament_prefix_path.dsv
[1.245s] -- Installing: /home/lx/robot/campus_patrol_robot/xiao_ying/install/xiao_ying_navigation/share/xiao_ying_navigation/environment/path.sh
[1.245s] -- Installing: /home/lx/robot/campus_patrol_robot/xiao_ying/install/xiao_ying_navigation/share/xiao_ying_navigation/environment/path.dsv
[1.245s] -- Installing: /home/lx/robot/campus_patrol_robot/xiao_ying/install/xiao_ying_navigation/share/xiao_ying_navigation/local_setup.bash
[1.245s] -- Installing: /home/lx/robot/campus_patrol_robot/xiao_ying/install/xiao_ying_navigation/share/xiao_ying_navigation/local_setup.sh
[1.245s] -- Installing: /home/lx/robot/campus_patrol_robot/xiao_ying/install/xiao_ying_navigation/share/xiao_ying_navigation/local_setup.zsh
[1.245s] -- Installing: /home/lx/robot/campus_patrol_robot/xiao_ying/install/xiao_ying_navigation/share/xiao_ying_navigation/local_setup.dsv
[1.245s] -- Installing: /home/lx/robot/campus_patrol_robot/xiao_ying/install/xiao_ying_navigation/share/xiao_ying_navigation/package.dsv
[1.245s] -- Installing: /home/lx/robot/campus_patrol_robot/xiao_ying/install/xiao_ying_navigation/share/ament_index/resource_index/packages/xiao_ying_navigation
[1.245s] -- Installing: /home/lx/robot/campus_patrol_robot/xiao_ying/install/xiao_ying_navigation/share/xiao_ying_navigation/cmake/xiao_ying_navigationConfig.cmake
[1.246s] -- Installing: /home/lx/robot/campus_patrol_robot/xiao_ying/install/xiao_ying_navigation/share/xiao_ying_navigation/cmake/xiao_ying_navigationConfig-version.cmake
[1.246s] -- Installing: /home/lx/robot/campus_patrol_robot/xiao_ying/install/xiao_ying_navigation/share/xiao_ying_navigation/package.xml
[1.246s] Invoked command in '/home/lx/robot/campus_patrol_robot/xiao_ying/build/xiao_ying_navigation' returned '0': CMAKE_PREFIX_PATH=/opt/ros/humble /usr/bin/cmake --install /home/lx/robot/campus_patrol_robot/xiao_ying/build/xiao_ying_navigation
