[0.842s] DEBUG:colcon:Command line arguments: ['/usr/bin/colcon', 'build']
[0.842s] DEBUG:colcon:Parsed command line arguments: Namespace(log_base=None, log_level=None, verb_name='build', build_base='build', install_base='install', merge_install=False, symlink_install=False, test_result_base=None, continue_on_error=False, executor='parallel', parallel_workers=12, event_handlers=None, ignore_user_meta=False, metas=['./colcon.meta'], base_paths=['.'], packages_ignore=None, packages_ignore_regex=None, paths=None, packages_up_to=None, packages_up_to_regex=None, packages_above=None, packages_above_and_dependencies=None, packages_above_depth=None, packages_select_by_dep=None, packages_skip_by_dep=None, packages_skip_up_to=None, packages_select_build_failed=False, packages_skip_build_finished=False, packages_select_test_failures=False, packages_skip_test_passed=False, packages_select=None, packages_skip=None, packages_select_regex=None, packages_skip_regex=None, packages_start=None, packages_end=None, allow_overriding=[], cmake_args=None, cmake_target=None, cmake_target_skip_unavailable=False, cmake_clean_cache=False, cmake_clean_first=False, cmake_force_configure=False, ament_cmake_args=None, catkin_cmake_args=None, catkin_skip_building_tests=False, verb_parser=<colcon_defaults.argument_parser.defaults.DefaultArgumentsDecorator object at 0x7f8b2c3a0dc0>, verb_extension=<colcon_core.verb.build.BuildVerb object at 0x7f8b2c7d32e0>, main=<bound method BuildVerb.main of <colcon_core.verb.build.BuildVerb object at 0x7f8b2c7d32e0>>)
[0.880s] Level 1:colcon.colcon_core.package_discovery:discover_packages(colcon_meta) check parameters
[0.881s] Level 1:colcon.colcon_core.package_discovery:discover_packages(recursive) check parameters
[0.881s] Level 1:colcon.colcon_core.package_discovery:discover_packages(ignore) check parameters
[0.881s] Level 1:colcon.colcon_core.package_discovery:discover_packages(path) check parameters
[0.881s] Level 1:colcon.colcon_core.package_discovery:discover_packages(colcon_meta) discover
[0.881s] Level 1:colcon.colcon_core.package_discovery:discover_packages(recursive) discover
[0.881s] INFO:colcon.colcon_core.package_discovery:Crawling recursively for packages in '/home/lx/robot/campus_patrol_robot/xiao_ying'
[0.881s] Level 1:colcon.colcon_core.package_identification:_identify(.) by extensions ['ignore', 'ignore_ament_install']
[0.881s] Level 1:colcon.colcon_core.package_identification:_identify(.) by extension 'ignore'
[0.881s] Level 1:colcon.colcon_core.package_identification:_identify(.) by extension 'ignore_ament_install'
[0.881s] Level 1:colcon.colcon_core.package_identification:_identify(.) by extensions ['colcon_pkg']
[0.881s] Level 1:colcon.colcon_core.package_identification:_identify(.) by extension 'colcon_pkg'
[0.881s] Level 1:colcon.colcon_core.package_identification:_identify(.) by extensions ['colcon_meta']
[0.881s] Level 1:colcon.colcon_core.package_identification:_identify(.) by extension 'colcon_meta'
[0.881s] Level 1:colcon.colcon_core.package_identification:_identify(.) by extensions ['ros']
[0.881s] Level 1:colcon.colcon_core.package_identification:_identify(.) by extension 'ros'
[0.890s] Level 1:colcon.colcon_core.package_identification:_identify(.) by extensions ['cmake', 'python']
[0.890s] Level 1:colcon.colcon_core.package_identification:_identify(.) by extension 'cmake'
[0.890s] Level 1:colcon.colcon_core.package_identification:_identify(.) by extension 'python'
[0.890s] Level 1:colcon.colcon_core.package_identification:_identify(.) by extensions ['python_setup_py']
[0.890s] Level 1:colcon.colcon_core.package_identification:_identify(.) by extension 'python_setup_py'
[0.890s] Level 1:colcon.colcon_core.package_identification:_identify(build) by extensions ['ignore', 'ignore_ament_install']
[0.890s] Level 1:colcon.colcon_core.package_identification:_identify(build) by extension 'ignore'
[0.890s] Level 1:colcon.colcon_core.package_identification:_identify(build) ignored
[0.890s] Level 1:colcon.colcon_core.package_identification:_identify(install) by extensions ['ignore', 'ignore_ament_install']
[0.890s] Level 1:colcon.colcon_core.package_identification:_identify(install) by extension 'ignore'
[0.890s] Level 1:colcon.colcon_core.package_identification:_identify(install) ignored
[0.890s] Level 1:colcon.colcon_core.package_identification:_identify(log) by extensions ['ignore', 'ignore_ament_install']
[0.891s] Level 1:colcon.colcon_core.package_identification:_identify(log) by extension 'ignore'
[0.891s] Level 1:colcon.colcon_core.package_identification:_identify(log) ignored
[0.891s] Level 1:colcon.colcon_core.package_identification:_identify(src) by extensions ['ignore', 'ignore_ament_install']
[0.891s] Level 1:colcon.colcon_core.package_identification:_identify(src) by extension 'ignore'
[0.891s] Level 1:colcon.colcon_core.package_identification:_identify(src) by extension 'ignore_ament_install'
[0.891s] Level 1:colcon.colcon_core.package_identification:_identify(src) by extensions ['colcon_pkg']
[0.891s] Level 1:colcon.colcon_core.package_identification:_identify(src) by extension 'colcon_pkg'
[0.891s] Level 1:colcon.colcon_core.package_identification:_identify(src) by extensions ['colcon_meta']
[0.891s] Level 1:colcon.colcon_core.package_identification:_identify(src) by extension 'colcon_meta'
[0.891s] Level 1:colcon.colcon_core.package_identification:_identify(src) by extensions ['ros']
[0.891s] Level 1:colcon.colcon_core.package_identification:_identify(src) by extension 'ros'
[0.891s] Level 1:colcon.colcon_core.package_identification:_identify(src) by extensions ['cmake', 'python']
[0.891s] Level 1:colcon.colcon_core.package_identification:_identify(src) by extension 'cmake'
[0.891s] Level 1:colcon.colcon_core.package_identification:_identify(src) by extension 'python'
[0.891s] Level 1:colcon.colcon_core.package_identification:_identify(src) by extensions ['python_setup_py']
[0.891s] Level 1:colcon.colcon_core.package_identification:_identify(src) by extension 'python_setup_py'
[0.891s] Level 1:colcon.colcon_core.package_identification:_identify(src/FAST_LIO) by extensions ['ignore', 'ignore_ament_install']
[0.891s] Level 1:colcon.colcon_core.package_identification:_identify(src/FAST_LIO) by extension 'ignore'
[0.891s] Level 1:colcon.colcon_core.package_identification:_identify(src/FAST_LIO) by extension 'ignore_ament_install'
[0.891s] Level 1:colcon.colcon_core.package_identification:_identify(src/FAST_LIO) by extensions ['colcon_pkg']
[0.891s] Level 1:colcon.colcon_core.package_identification:_identify(src/FAST_LIO) by extension 'colcon_pkg'
[0.891s] Level 1:colcon.colcon_core.package_identification:_identify(src/FAST_LIO) by extensions ['colcon_meta']
[0.891s] Level 1:colcon.colcon_core.package_identification:_identify(src/FAST_LIO) by extension 'colcon_meta'
[0.891s] Level 1:colcon.colcon_core.package_identification:_identify(src/FAST_LIO) by extensions ['ros']
[0.891s] Level 1:colcon.colcon_core.package_identification:_identify(src/FAST_LIO) by extension 'ros'
[0.894s] DEBUG:colcon.colcon_core.package_identification:Package 'src/FAST_LIO' with type 'ros.ament_cmake' and name 'fast_lio'
[0.894s] Level 1:colcon.colcon_core.package_identification:_identify(src/imu_complementary_filter) by extensions ['ignore', 'ignore_ament_install']
[0.894s] Level 1:colcon.colcon_core.package_identification:_identify(src/imu_complementary_filter) by extension 'ignore'
[0.894s] Level 1:colcon.colcon_core.package_identification:_identify(src/imu_complementary_filter) by extension 'ignore_ament_install'
[0.894s] Level 1:colcon.colcon_core.package_identification:_identify(src/imu_complementary_filter) by extensions ['colcon_pkg']
[0.894s] Level 1:colcon.colcon_core.package_identification:_identify(src/imu_complementary_filter) by extension 'colcon_pkg'
[0.894s] Level 1:colcon.colcon_core.package_identification:_identify(src/imu_complementary_filter) by extensions ['colcon_meta']
[0.894s] Level 1:colcon.colcon_core.package_identification:_identify(src/imu_complementary_filter) by extension 'colcon_meta'
[0.894s] Level 1:colcon.colcon_core.package_identification:_identify(src/imu_complementary_filter) by extensions ['ros']
[0.894s] Level 1:colcon.colcon_core.package_identification:_identify(src/imu_complementary_filter) by extension 'ros'
[0.895s] DEBUG:colcon.colcon_core.package_identification:Package 'src/imu_complementary_filter' with type 'ros.ament_cmake' and name 'imu_complementary_filter'
[0.895s] Level 1:colcon.colcon_core.package_identification:_identify(src/linefit_ground_segmentation_ros2) by extensions ['ignore', 'ignore_ament_install']
[0.895s] Level 1:colcon.colcon_core.package_identification:_identify(src/linefit_ground_segmentation_ros2) by extension 'ignore'
[0.895s] Level 1:colcon.colcon_core.package_identification:_identify(src/linefit_ground_segmentation_ros2) by extension 'ignore_ament_install'
[0.895s] Level 1:colcon.colcon_core.package_identification:_identify(src/linefit_ground_segmentation_ros2) by extensions ['colcon_pkg']
[0.895s] Level 1:colcon.colcon_core.package_identification:_identify(src/linefit_ground_segmentation_ros2) by extension 'colcon_pkg'
[0.895s] Level 1:colcon.colcon_core.package_identification:_identify(src/linefit_ground_segmentation_ros2) by extensions ['colcon_meta']
[0.895s] Level 1:colcon.colcon_core.package_identification:_identify(src/linefit_ground_segmentation_ros2) by extension 'colcon_meta'
[0.895s] Level 1:colcon.colcon_core.package_identification:_identify(src/linefit_ground_segmentation_ros2) by extensions ['ros']
[0.895s] Level 1:colcon.colcon_core.package_identification:_identify(src/linefit_ground_segmentation_ros2) by extension 'ros'
[0.895s] Level 1:colcon.colcon_core.package_identification:_identify(src/linefit_ground_segmentation_ros2) by extensions ['cmake', 'python']
[0.895s] Level 1:colcon.colcon_core.package_identification:_identify(src/linefit_ground_segmentation_ros2) by extension 'cmake'
[0.895s] Level 1:colcon.colcon_core.package_identification:_identify(src/linefit_ground_segmentation_ros2) by extension 'python'
[0.895s] Level 1:colcon.colcon_core.package_identification:_identify(src/linefit_ground_segmentation_ros2) by extensions ['python_setup_py']
[0.895s] Level 1:colcon.colcon_core.package_identification:_identify(src/linefit_ground_segmentation_ros2) by extension 'python_setup_py'
[0.895s] Level 1:colcon.colcon_core.package_identification:_identify(src/linefit_ground_segmentation_ros2/doc) by extensions ['ignore', 'ignore_ament_install']
[0.895s] Level 1:colcon.colcon_core.package_identification:_identify(src/linefit_ground_segmentation_ros2/doc) by extension 'ignore'
[0.896s] Level 1:colcon.colcon_core.package_identification:_identify(src/linefit_ground_segmentation_ros2/doc) by extension 'ignore_ament_install'
[0.896s] Level 1:colcon.colcon_core.package_identification:_identify(src/linefit_ground_segmentation_ros2/doc) by extensions ['colcon_pkg']
[0.896s] Level 1:colcon.colcon_core.package_identification:_identify(src/linefit_ground_segmentation_ros2/doc) by extension 'colcon_pkg'
[0.896s] Level 1:colcon.colcon_core.package_identification:_identify(src/linefit_ground_segmentation_ros2/doc) by extensions ['colcon_meta']
[0.896s] Level 1:colcon.colcon_core.package_identification:_identify(src/linefit_ground_segmentation_ros2/doc) by extension 'colcon_meta'
[0.896s] Level 1:colcon.colcon_core.package_identification:_identify(src/linefit_ground_segmentation_ros2/doc) by extensions ['ros']
[0.896s] Level 1:colcon.colcon_core.package_identification:_identify(src/linefit_ground_segmentation_ros2/doc) by extension 'ros'
[0.896s] Level 1:colcon.colcon_core.package_identification:_identify(src/linefit_ground_segmentation_ros2/doc) by extensions ['cmake', 'python']
[0.896s] Level 1:colcon.colcon_core.package_identification:_identify(src/linefit_ground_segmentation_ros2/doc) by extension 'cmake'
[0.896s] Level 1:colcon.colcon_core.package_identification:_identify(src/linefit_ground_segmentation_ros2/doc) by extension 'python'
[0.896s] Level 1:colcon.colcon_core.package_identification:_identify(src/linefit_ground_segmentation_ros2/doc) by extensions ['python_setup_py']
[0.896s] Level 1:colcon.colcon_core.package_identification:_identify(src/linefit_ground_segmentation_ros2/doc) by extension 'python_setup_py'
[0.896s] Level 1:colcon.colcon_core.package_identification:_identify(src/linefit_ground_segmentation_ros2/linefit_ground_segmentation) by extensions ['ignore', 'ignore_ament_install']
[0.896s] Level 1:colcon.colcon_core.package_identification:_identify(src/linefit_ground_segmentation_ros2/linefit_ground_segmentation) by extension 'ignore'
[0.896s] Level 1:colcon.colcon_core.package_identification:_identify(src/linefit_ground_segmentation_ros2/linefit_ground_segmentation) by extension 'ignore_ament_install'
[0.896s] Level 1:colcon.colcon_core.package_identification:_identify(src/linefit_ground_segmentation_ros2/linefit_ground_segmentation) by extensions ['colcon_pkg']
[0.896s] Level 1:colcon.colcon_core.package_identification:_identify(src/linefit_ground_segmentation_ros2/linefit_ground_segmentation) by extension 'colcon_pkg'
[0.896s] Level 1:colcon.colcon_core.package_identification:_identify(src/linefit_ground_segmentation_ros2/linefit_ground_segmentation) by extensions ['colcon_meta']
[0.896s] Level 1:colcon.colcon_core.package_identification:_identify(src/linefit_ground_segmentation_ros2/linefit_ground_segmentation) by extension 'colcon_meta'
[0.896s] Level 1:colcon.colcon_core.package_identification:_identify(src/linefit_ground_segmentation_ros2/linefit_ground_segmentation) by extensions ['ros']
[0.896s] Level 1:colcon.colcon_core.package_identification:_identify(src/linefit_ground_segmentation_ros2/linefit_ground_segmentation) by extension 'ros'
[0.897s] DEBUG:colcon.colcon_core.package_identification:Package 'src/linefit_ground_segmentation_ros2/linefit_ground_segmentation' with type 'ros.ament_cmake' and name 'linefit_ground_segmentation'
[0.897s] Level 1:colcon.colcon_core.package_identification:_identify(src/linefit_ground_segmentation_ros2/linefit_ground_segmentation_ros) by extensions ['ignore', 'ignore_ament_install']
[0.897s] Level 1:colcon.colcon_core.package_identification:_identify(src/linefit_ground_segmentation_ros2/linefit_ground_segmentation_ros) by extension 'ignore'
[0.897s] Level 1:colcon.colcon_core.package_identification:_identify(src/linefit_ground_segmentation_ros2/linefit_ground_segmentation_ros) by extension 'ignore_ament_install'
[0.897s] Level 1:colcon.colcon_core.package_identification:_identify(src/linefit_ground_segmentation_ros2/linefit_ground_segmentation_ros) by extensions ['colcon_pkg']
[0.897s] Level 1:colcon.colcon_core.package_identification:_identify(src/linefit_ground_segmentation_ros2/linefit_ground_segmentation_ros) by extension 'colcon_pkg'
[0.897s] Level 1:colcon.colcon_core.package_identification:_identify(src/linefit_ground_segmentation_ros2/linefit_ground_segmentation_ros) by extensions ['colcon_meta']
[0.897s] Level 1:colcon.colcon_core.package_identification:_identify(src/linefit_ground_segmentation_ros2/linefit_ground_segmentation_ros) by extension 'colcon_meta'
[0.897s] Level 1:colcon.colcon_core.package_identification:_identify(src/linefit_ground_segmentation_ros2/linefit_ground_segmentation_ros) by extensions ['ros']
[0.897s] Level 1:colcon.colcon_core.package_identification:_identify(src/linefit_ground_segmentation_ros2/linefit_ground_segmentation_ros) by extension 'ros'
[0.898s] DEBUG:colcon.colcon_core.package_identification:Package 'src/linefit_ground_segmentation_ros2/linefit_ground_segmentation_ros' with type 'ros.ament_cmake' and name 'linefit_ground_segmentation_ros'
[0.898s] Level 1:colcon.colcon_core.package_identification:_identify(src/livox_ros_driver2) by extensions ['ignore', 'ignore_ament_install']
[0.898s] Level 1:colcon.colcon_core.package_identification:_identify(src/livox_ros_driver2) by extension 'ignore'
[0.898s] Level 1:colcon.colcon_core.package_identification:_identify(src/livox_ros_driver2) by extension 'ignore_ament_install'
[0.898s] Level 1:colcon.colcon_core.package_identification:_identify(src/livox_ros_driver2) by extensions ['colcon_pkg']
[0.898s] Level 1:colcon.colcon_core.package_identification:_identify(src/livox_ros_driver2) by extension 'colcon_pkg'
[0.898s] Level 1:colcon.colcon_core.package_identification:_identify(src/livox_ros_driver2) by extensions ['colcon_meta']
[0.898s] Level 1:colcon.colcon_core.package_identification:_identify(src/livox_ros_driver2) by extension 'colcon_meta'
[0.898s] Level 1:colcon.colcon_core.package_identification:_identify(src/livox_ros_driver2) by extensions ['ros']
[0.898s] Level 1:colcon.colcon_core.package_identification:_identify(src/livox_ros_driver2) by extension 'ros'
[0.899s] DEBUG:colcon.colcon_core.package_identification:Package 'src/livox_ros_driver2' with type 'ros.ament_cmake' and name 'livox_ros_driver2'
[0.899s] Level 1:colcon.colcon_core.package_identification:_identify(src/livox_to_pointcloud2) by extensions ['ignore', 'ignore_ament_install']
[0.899s] Level 1:colcon.colcon_core.package_identification:_identify(src/livox_to_pointcloud2) by extension 'ignore'
[0.899s] Level 1:colcon.colcon_core.package_identification:_identify(src/livox_to_pointcloud2) by extension 'ignore_ament_install'
[0.899s] Level 1:colcon.colcon_core.package_identification:_identify(src/livox_to_pointcloud2) by extensions ['colcon_pkg']
[0.899s] Level 1:colcon.colcon_core.package_identification:_identify(src/livox_to_pointcloud2) by extension 'colcon_pkg'
[0.900s] Level 1:colcon.colcon_core.package_identification:_identify(src/livox_to_pointcloud2) by extensions ['colcon_meta']
[0.900s] Level 1:colcon.colcon_core.package_identification:_identify(src/livox_to_pointcloud2) by extension 'colcon_meta'
[0.900s] Level 1:colcon.colcon_core.package_identification:_identify(src/livox_to_pointcloud2) by extensions ['ros']
[0.900s] Level 1:colcon.colcon_core.package_identification:_identify(src/livox_to_pointcloud2) by extension 'ros'
[0.905s] DEBUG:colcon.colcon_core.package_identification:Package 'src/livox_to_pointcloud2' with type 'ros.ament_cmake' and name 'livox_to_pointcloud2'
[0.905s] Level 1:colcon.colcon_core.package_identification:_identify(src/pointcloud_to_laserscan) by extensions ['ignore', 'ignore_ament_install']
[0.905s] Level 1:colcon.colcon_core.package_identification:_identify(src/pointcloud_to_laserscan) by extension 'ignore'
[0.905s] Level 1:colcon.colcon_core.package_identification:_identify(src/pointcloud_to_laserscan) by extension 'ignore_ament_install'
[0.905s] Level 1:colcon.colcon_core.package_identification:_identify(src/pointcloud_to_laserscan) by extensions ['colcon_pkg']
[0.905s] Level 1:colcon.colcon_core.package_identification:_identify(src/pointcloud_to_laserscan) by extension 'colcon_pkg'
[0.905s] Level 1:colcon.colcon_core.package_identification:_identify(src/pointcloud_to_laserscan) by extensions ['colcon_meta']
[0.905s] Level 1:colcon.colcon_core.package_identification:_identify(src/pointcloud_to_laserscan) by extension 'colcon_meta'
[0.905s] Level 1:colcon.colcon_core.package_identification:_identify(src/pointcloud_to_laserscan) by extensions ['ros']
[0.905s] Level 1:colcon.colcon_core.package_identification:_identify(src/pointcloud_to_laserscan) by extension 'ros'
[0.906s] DEBUG:colcon.colcon_core.package_identification:Package 'src/pointcloud_to_laserscan' with type 'ros.ament_cmake' and name 'pointcloud_to_laserscan'
[0.906s] Level 1:colcon.colcon_core.package_identification:_identify(src/start) by extensions ['ignore', 'ignore_ament_install']
[0.906s] Level 1:colcon.colcon_core.package_identification:_identify(src/start) by extension 'ignore'
[0.906s] Level 1:colcon.colcon_core.package_identification:_identify(src/start) by extension 'ignore_ament_install'
[0.906s] Level 1:colcon.colcon_core.package_identification:_identify(src/start) by extensions ['colcon_pkg']
[0.906s] Level 1:colcon.colcon_core.package_identification:_identify(src/start) by extension 'colcon_pkg'
[0.907s] Level 1:colcon.colcon_core.package_identification:_identify(src/start) by extensions ['colcon_meta']
[0.907s] Level 1:colcon.colcon_core.package_identification:_identify(src/start) by extension 'colcon_meta'
[0.907s] Level 1:colcon.colcon_core.package_identification:_identify(src/start) by extensions ['ros']
[0.907s] Level 1:colcon.colcon_core.package_identification:_identify(src/start) by extension 'ros'
[0.907s] DEBUG:colcon.colcon_core.package_identification:Package 'src/start' with type 'ros.ament_cmake' and name 'start'
[0.907s] Level 1:colcon.colcon_core.package_identification:_identify(src/xiao_ying_navigation) by extensions ['ignore', 'ignore_ament_install']
[0.907s] Level 1:colcon.colcon_core.package_identification:_identify(src/xiao_ying_navigation) by extension 'ignore'
[0.907s] Level 1:colcon.colcon_core.package_identification:_identify(src/xiao_ying_navigation) by extension 'ignore_ament_install'
[0.907s] Level 1:colcon.colcon_core.package_identification:_identify(src/xiao_ying_navigation) by extensions ['colcon_pkg']
[0.907s] Level 1:colcon.colcon_core.package_identification:_identify(src/xiao_ying_navigation) by extension 'colcon_pkg'
[0.907s] Level 1:colcon.colcon_core.package_identification:_identify(src/xiao_ying_navigation) by extensions ['colcon_meta']
[0.907s] Level 1:colcon.colcon_core.package_identification:_identify(src/xiao_ying_navigation) by extension 'colcon_meta'
[0.907s] Level 1:colcon.colcon_core.package_identification:_identify(src/xiao_ying_navigation) by extensions ['ros']
[0.907s] Level 1:colcon.colcon_core.package_identification:_identify(src/xiao_ying_navigation) by extension 'ros'
[0.908s] DEBUG:colcon.colcon_core.package_identification:Package 'src/xiao_ying_navigation' with type 'ros.ament_cmake' and name 'xiao_ying_navigation'
[0.908s] Level 1:colcon.colcon_core.package_discovery:discover_packages(recursive) using defaults
[0.908s] Level 1:colcon.colcon_core.package_discovery:discover_packages(ignore) discover
[0.908s] Level 1:colcon.colcon_core.package_discovery:discover_packages(ignore) using defaults
[0.908s] Level 1:colcon.colcon_core.package_discovery:discover_packages(path) discover
[0.908s] Level 1:colcon.colcon_core.package_discovery:discover_packages(path) using defaults
[0.985s] Level 1:colcon.colcon_core.package_discovery:discover_packages(prefix_path) check parameters
[0.985s] Level 1:colcon.colcon_core.package_discovery:discover_packages(prefix_path) discover
[1.012s] DEBUG:colcon.colcon_installed_package_information.package_discovery:Found 390 installed packages in /opt/ros/humble
[1.013s] Level 1:colcon.colcon_core.package_discovery:discover_packages(prefix_path) using defaults
[1.108s] Level 5:colcon.colcon_core.verb:set package 'imu_complementary_filter' build argument 'cmake_args' from command line to 'None'
[1.108s] Level 5:colcon.colcon_core.verb:set package 'imu_complementary_filter' build argument 'cmake_target' from command line to 'None'
[1.108s] Level 5:colcon.colcon_core.verb:set package 'imu_complementary_filter' build argument 'cmake_target_skip_unavailable' from command line to 'False'
[1.108s] Level 5:colcon.colcon_core.verb:set package 'imu_complementary_filter' build argument 'cmake_clean_cache' from command line to 'False'
[1.108s] Level 5:colcon.colcon_core.verb:set package 'imu_complementary_filter' build argument 'cmake_clean_first' from command line to 'False'
[1.108s] Level 5:colcon.colcon_core.verb:set package 'imu_complementary_filter' build argument 'cmake_force_configure' from command line to 'False'
[1.108s] Level 5:colcon.colcon_core.verb:set package 'imu_complementary_filter' build argument 'ament_cmake_args' from command line to 'None'
[1.108s] Level 5:colcon.colcon_core.verb:set package 'imu_complementary_filter' build argument 'catkin_cmake_args' from command line to 'None'
[1.108s] Level 5:colcon.colcon_core.verb:set package 'imu_complementary_filter' build argument 'catkin_skip_building_tests' from command line to 'False'
[1.108s] DEBUG:colcon.colcon_core.verb:Building package 'imu_complementary_filter' with the following arguments: {'ament_cmake_args': None, 'build_base': '/home/lx/robot/campus_patrol_robot/xiao_ying/build/imu_complementary_filter', 'catkin_cmake_args': None, 'catkin_skip_building_tests': False, 'cmake_args': None, 'cmake_clean_cache': False, 'cmake_clean_first': False, 'cmake_force_configure': False, 'cmake_target': None, 'cmake_target_skip_unavailable': False, 'install_base': '/home/lx/robot/campus_patrol_robot/xiao_ying/install/imu_complementary_filter', 'merge_install': False, 'path': '/home/lx/robot/campus_patrol_robot/xiao_ying/src/imu_complementary_filter', 'symlink_install': False, 'test_result_base': None}
[1.121s] Level 5:colcon.colcon_core.verb:set package 'linefit_ground_segmentation' build argument 'cmake_args' from command line to 'None'
[1.121s] Level 5:colcon.colcon_core.verb:set package 'linefit_ground_segmentation' build argument 'cmake_target' from command line to 'None'
[1.121s] Level 5:colcon.colcon_core.verb:set package 'linefit_ground_segmentation' build argument 'cmake_target_skip_unavailable' from command line to 'False'
[1.121s] Level 5:colcon.colcon_core.verb:set package 'linefit_ground_segmentation' build argument 'cmake_clean_cache' from command line to 'False'
[1.121s] Level 5:colcon.colcon_core.verb:set package 'linefit_ground_segmentation' build argument 'cmake_clean_first' from command line to 'False'
[1.121s] Level 5:colcon.colcon_core.verb:set package 'linefit_ground_segmentation' build argument 'cmake_force_configure' from command line to 'False'
[1.121s] Level 5:colcon.colcon_core.verb:set package 'linefit_ground_segmentation' build argument 'ament_cmake_args' from command line to 'None'
[1.121s] Level 5:colcon.colcon_core.verb:set package 'linefit_ground_segmentation' build argument 'catkin_cmake_args' from command line to 'None'
[1.121s] Level 5:colcon.colcon_core.verb:set package 'linefit_ground_segmentation' build argument 'catkin_skip_building_tests' from command line to 'False'
[1.121s] DEBUG:colcon.colcon_core.verb:Building package 'linefit_ground_segmentation' with the following arguments: {'ament_cmake_args': None, 'build_base': '/home/lx/robot/campus_patrol_robot/xiao_ying/build/linefit_ground_segmentation', 'catkin_cmake_args': None, 'catkin_skip_building_tests': False, 'cmake_args': None, 'cmake_clean_cache': False, 'cmake_clean_first': False, 'cmake_force_configure': False, 'cmake_target': None, 'cmake_target_skip_unavailable': False, 'install_base': '/home/lx/robot/campus_patrol_robot/xiao_ying/install/linefit_ground_segmentation', 'merge_install': False, 'path': '/home/lx/robot/campus_patrol_robot/xiao_ying/src/linefit_ground_segmentation_ros2/linefit_ground_segmentation', 'symlink_install': False, 'test_result_base': None}
[1.133s] Level 5:colcon.colcon_core.verb:set package 'livox_ros_driver2' build argument 'cmake_args' from command line to 'None'
[1.133s] Level 5:colcon.colcon_core.verb:set package 'livox_ros_driver2' build argument 'cmake_target' from command line to 'None'
[1.133s] Level 5:colcon.colcon_core.verb:set package 'livox_ros_driver2' build argument 'cmake_target_skip_unavailable' from command line to 'False'
[1.133s] Level 5:colcon.colcon_core.verb:set package 'livox_ros_driver2' build argument 'cmake_clean_cache' from command line to 'False'
[1.133s] Level 5:colcon.colcon_core.verb:set package 'livox_ros_driver2' build argument 'cmake_clean_first' from command line to 'False'
[1.133s] Level 5:colcon.colcon_core.verb:set package 'livox_ros_driver2' build argument 'cmake_force_configure' from command line to 'False'
[1.133s] Level 5:colcon.colcon_core.verb:set package 'livox_ros_driver2' build argument 'ament_cmake_args' from command line to 'None'
[1.133s] Level 5:colcon.colcon_core.verb:set package 'livox_ros_driver2' build argument 'catkin_cmake_args' from command line to 'None'
[1.133s] Level 5:colcon.colcon_core.verb:set package 'livox_ros_driver2' build argument 'catkin_skip_building_tests' from command line to 'False'
[1.133s] DEBUG:colcon.colcon_core.verb:Building package 'livox_ros_driver2' with the following arguments: {'ament_cmake_args': None, 'build_base': '/home/lx/robot/campus_patrol_robot/xiao_ying/build/livox_ros_driver2', 'catkin_cmake_args': None, 'catkin_skip_building_tests': False, 'cmake_args': None, 'cmake_clean_cache': False, 'cmake_clean_first': False, 'cmake_force_configure': False, 'cmake_target': None, 'cmake_target_skip_unavailable': False, 'install_base': '/home/lx/robot/campus_patrol_robot/xiao_ying/install/livox_ros_driver2', 'merge_install': False, 'path': '/home/lx/robot/campus_patrol_robot/xiao_ying/src/livox_ros_driver2', 'symlink_install': False, 'test_result_base': None}
[1.146s] Level 5:colcon.colcon_core.verb:set package 'pointcloud_to_laserscan' build argument 'cmake_args' from command line to 'None'
[1.146s] Level 5:colcon.colcon_core.verb:set package 'pointcloud_to_laserscan' build argument 'cmake_target' from command line to 'None'
[1.146s] Level 5:colcon.colcon_core.verb:set package 'pointcloud_to_laserscan' build argument 'cmake_target_skip_unavailable' from command line to 'False'
[1.149s] Level 5:colcon.colcon_core.verb:set package 'pointcloud_to_laserscan' build argument 'cmake_clean_cache' from command line to 'False'
[1.149s] Level 5:colcon.colcon_core.verb:set package 'pointcloud_to_laserscan' build argument 'cmake_clean_first' from command line to 'False'
[1.149s] Level 5:colcon.colcon_core.verb:set package 'pointcloud_to_laserscan' build argument 'cmake_force_configure' from command line to 'False'
[1.149s] Level 5:colcon.colcon_core.verb:set package 'pointcloud_to_laserscan' build argument 'ament_cmake_args' from command line to 'None'
[1.149s] Level 5:colcon.colcon_core.verb:set package 'pointcloud_to_laserscan' build argument 'catkin_cmake_args' from command line to 'None'
[1.149s] Level 5:colcon.colcon_core.verb:set package 'pointcloud_to_laserscan' build argument 'catkin_skip_building_tests' from command line to 'False'
[1.149s] DEBUG:colcon.colcon_core.verb:Building package 'pointcloud_to_laserscan' with the following arguments: {'ament_cmake_args': None, 'build_base': '/home/lx/robot/campus_patrol_robot/xiao_ying/build/pointcloud_to_laserscan', 'catkin_cmake_args': None, 'catkin_skip_building_tests': False, 'cmake_args': None, 'cmake_clean_cache': False, 'cmake_clean_first': False, 'cmake_force_configure': False, 'cmake_target': None, 'cmake_target_skip_unavailable': False, 'install_base': '/home/lx/robot/campus_patrol_robot/xiao_ying/install/pointcloud_to_laserscan', 'merge_install': False, 'path': '/home/lx/robot/campus_patrol_robot/xiao_ying/src/pointcloud_to_laserscan', 'symlink_install': False, 'test_result_base': None}
[1.161s] Level 5:colcon.colcon_core.verb:set package 'xiao_ying_navigation' build argument 'cmake_args' from command line to 'None'
[1.161s] Level 5:colcon.colcon_core.verb:set package 'xiao_ying_navigation' build argument 'cmake_target' from command line to 'None'
[1.161s] Level 5:colcon.colcon_core.verb:set package 'xiao_ying_navigation' build argument 'cmake_target_skip_unavailable' from command line to 'False'
[1.161s] Level 5:colcon.colcon_core.verb:set package 'xiao_ying_navigation' build argument 'cmake_clean_cache' from command line to 'False'
[1.161s] Level 5:colcon.colcon_core.verb:set package 'xiao_ying_navigation' build argument 'cmake_clean_first' from command line to 'False'
[1.161s] Level 5:colcon.colcon_core.verb:set package 'xiao_ying_navigation' build argument 'cmake_force_configure' from command line to 'False'
[1.161s] Level 5:colcon.colcon_core.verb:set package 'xiao_ying_navigation' build argument 'ament_cmake_args' from command line to 'None'
[1.161s] Level 5:colcon.colcon_core.verb:set package 'xiao_ying_navigation' build argument 'catkin_cmake_args' from command line to 'None'
[1.161s] Level 5:colcon.colcon_core.verb:set package 'xiao_ying_navigation' build argument 'catkin_skip_building_tests' from command line to 'False'
[1.161s] DEBUG:colcon.colcon_core.verb:Building package 'xiao_ying_navigation' with the following arguments: {'ament_cmake_args': None, 'build_base': '/home/lx/robot/campus_patrol_robot/xiao_ying/build/xiao_ying_navigation', 'catkin_cmake_args': None, 'catkin_skip_building_tests': False, 'cmake_args': None, 'cmake_clean_cache': False, 'cmake_clean_first': False, 'cmake_force_configure': False, 'cmake_target': None, 'cmake_target_skip_unavailable': False, 'install_base': '/home/lx/robot/campus_patrol_robot/xiao_ying/install/xiao_ying_navigation', 'merge_install': False, 'path': '/home/lx/robot/campus_patrol_robot/xiao_ying/src/xiao_ying_navigation', 'symlink_install': False, 'test_result_base': None}
[1.174s] Level 5:colcon.colcon_core.verb:set package 'fast_lio' build argument 'cmake_args' from command line to 'None'
[1.174s] Level 5:colcon.colcon_core.verb:set package 'fast_lio' build argument 'cmake_target' from command line to 'None'
[1.174s] Level 5:colcon.colcon_core.verb:set package 'fast_lio' build argument 'cmake_target_skip_unavailable' from command line to 'False'
[1.174s] Level 5:colcon.colcon_core.verb:set package 'fast_lio' build argument 'cmake_clean_cache' from command line to 'False'
[1.174s] Level 5:colcon.colcon_core.verb:set package 'fast_lio' build argument 'cmake_clean_first' from command line to 'False'
[1.174s] Level 5:colcon.colcon_core.verb:set package 'fast_lio' build argument 'cmake_force_configure' from command line to 'False'
[1.174s] Level 5:colcon.colcon_core.verb:set package 'fast_lio' build argument 'ament_cmake_args' from command line to 'None'
[1.174s] Level 5:colcon.colcon_core.verb:set package 'fast_lio' build argument 'catkin_cmake_args' from command line to 'None'
[1.174s] Level 5:colcon.colcon_core.verb:set package 'fast_lio' build argument 'catkin_skip_building_tests' from command line to 'False'
[1.174s] DEBUG:colcon.colcon_core.verb:Building package 'fast_lio' with the following arguments: {'ament_cmake_args': None, 'build_base': '/home/lx/robot/campus_patrol_robot/xiao_ying/build/fast_lio', 'catkin_cmake_args': None, 'catkin_skip_building_tests': False, 'cmake_args': None, 'cmake_clean_cache': False, 'cmake_clean_first': False, 'cmake_force_configure': False, 'cmake_target': None, 'cmake_target_skip_unavailable': False, 'install_base': '/home/lx/robot/campus_patrol_robot/xiao_ying/install/fast_lio', 'merge_install': False, 'path': '/home/lx/robot/campus_patrol_robot/xiao_ying/src/FAST_LIO', 'symlink_install': False, 'test_result_base': None}
[1.186s] Level 5:colcon.colcon_core.verb:set package 'linefit_ground_segmentation_ros' build argument 'cmake_args' from command line to 'None'
[1.186s] Level 5:colcon.colcon_core.verb:set package 'linefit_ground_segmentation_ros' build argument 'cmake_target' from command line to 'None'
[1.186s] Level 5:colcon.colcon_core.verb:set package 'linefit_ground_segmentation_ros' build argument 'cmake_target_skip_unavailable' from command line to 'False'
[1.186s] Level 5:colcon.colcon_core.verb:set package 'linefit_ground_segmentation_ros' build argument 'cmake_clean_cache' from command line to 'False'
[1.186s] Level 5:colcon.colcon_core.verb:set package 'linefit_ground_segmentation_ros' build argument 'cmake_clean_first' from command line to 'False'
[1.186s] Level 5:colcon.colcon_core.verb:set package 'linefit_ground_segmentation_ros' build argument 'cmake_force_configure' from command line to 'False'
[1.186s] Level 5:colcon.colcon_core.verb:set package 'linefit_ground_segmentation_ros' build argument 'ament_cmake_args' from command line to 'None'
[1.186s] Level 5:colcon.colcon_core.verb:set package 'linefit_ground_segmentation_ros' build argument 'catkin_cmake_args' from command line to 'None'
[1.186s] Level 5:colcon.colcon_core.verb:set package 'linefit_ground_segmentation_ros' build argument 'catkin_skip_building_tests' from command line to 'False'
[1.186s] DEBUG:colcon.colcon_core.verb:Building package 'linefit_ground_segmentation_ros' with the following arguments: {'ament_cmake_args': None, 'build_base': '/home/lx/robot/campus_patrol_robot/xiao_ying/build/linefit_ground_segmentation_ros', 'catkin_cmake_args': None, 'catkin_skip_building_tests': False, 'cmake_args': None, 'cmake_clean_cache': False, 'cmake_clean_first': False, 'cmake_force_configure': False, 'cmake_target': None, 'cmake_target_skip_unavailable': False, 'install_base': '/home/lx/robot/campus_patrol_robot/xiao_ying/install/linefit_ground_segmentation_ros', 'merge_install': False, 'path': '/home/lx/robot/campus_patrol_robot/xiao_ying/src/linefit_ground_segmentation_ros2/linefit_ground_segmentation_ros', 'symlink_install': False, 'test_result_base': None}
[1.198s] Level 5:colcon.colcon_core.verb:set package 'livox_to_pointcloud2' build argument 'cmake_args' from command line to 'None'
[1.198s] Level 5:colcon.colcon_core.verb:set package 'livox_to_pointcloud2' build argument 'cmake_target' from command line to 'None'
[1.198s] Level 5:colcon.colcon_core.verb:set package 'livox_to_pointcloud2' build argument 'cmake_target_skip_unavailable' from command line to 'False'
[1.198s] Level 5:colcon.colcon_core.verb:set package 'livox_to_pointcloud2' build argument 'cmake_clean_cache' from command line to 'False'
[1.199s] Level 5:colcon.colcon_core.verb:set package 'livox_to_pointcloud2' build argument 'cmake_clean_first' from command line to 'False'
[1.199s] Level 5:colcon.colcon_core.verb:set package 'livox_to_pointcloud2' build argument 'cmake_force_configure' from command line to 'False'
[1.199s] Level 5:colcon.colcon_core.verb:set package 'livox_to_pointcloud2' build argument 'ament_cmake_args' from command line to 'None'
[1.199s] Level 5:colcon.colcon_core.verb:set package 'livox_to_pointcloud2' build argument 'catkin_cmake_args' from command line to 'None'
[1.199s] Level 5:colcon.colcon_core.verb:set package 'livox_to_pointcloud2' build argument 'catkin_skip_building_tests' from command line to 'False'
[1.199s] DEBUG:colcon.colcon_core.verb:Building package 'livox_to_pointcloud2' with the following arguments: {'ament_cmake_args': None, 'build_base': '/home/lx/robot/campus_patrol_robot/xiao_ying/build/livox_to_pointcloud2', 'catkin_cmake_args': None, 'catkin_skip_building_tests': False, 'cmake_args': None, 'cmake_clean_cache': False, 'cmake_clean_first': False, 'cmake_force_configure': False, 'cmake_target': None, 'cmake_target_skip_unavailable': False, 'install_base': '/home/lx/robot/campus_patrol_robot/xiao_ying/install/livox_to_pointcloud2', 'merge_install': False, 'path': '/home/lx/robot/campus_patrol_robot/xiao_ying/src/livox_to_pointcloud2', 'symlink_install': False, 'test_result_base': None}
[1.211s] Level 5:colcon.colcon_core.verb:set package 'start' build argument 'cmake_args' from command line to 'None'
[1.211s] Level 5:colcon.colcon_core.verb:set package 'start' build argument 'cmake_target' from command line to 'None'
[1.211s] Level 5:colcon.colcon_core.verb:set package 'start' build argument 'cmake_target_skip_unavailable' from command line to 'False'
[1.211s] Level 5:colcon.colcon_core.verb:set package 'start' build argument 'cmake_clean_cache' from command line to 'False'
[1.211s] Level 5:colcon.colcon_core.verb:set package 'start' build argument 'cmake_clean_first' from command line to 'False'
[1.211s] Level 5:colcon.colcon_core.verb:set package 'start' build argument 'cmake_force_configure' from command line to 'False'
[1.211s] Level 5:colcon.colcon_core.verb:set package 'start' build argument 'ament_cmake_args' from command line to 'None'
[1.211s] Level 5:colcon.colcon_core.verb:set package 'start' build argument 'catkin_cmake_args' from command line to 'None'
[1.211s] Level 5:colcon.colcon_core.verb:set package 'start' build argument 'catkin_skip_building_tests' from command line to 'False'
[1.211s] DEBUG:colcon.colcon_core.verb:Building package 'start' with the following arguments: {'ament_cmake_args': None, 'build_base': '/home/lx/robot/campus_patrol_robot/xiao_ying/build/start', 'catkin_cmake_args': None, 'catkin_skip_building_tests': False, 'cmake_args': None, 'cmake_clean_cache': False, 'cmake_clean_first': False, 'cmake_force_configure': False, 'cmake_target': None, 'cmake_target_skip_unavailable': False, 'install_base': '/home/lx/robot/campus_patrol_robot/xiao_ying/install/start', 'merge_install': False, 'path': '/home/lx/robot/campus_patrol_robot/xiao_ying/src/start', 'symlink_install': False, 'test_result_base': None}
[1.223s] INFO:colcon.colcon_core.executor:Executing jobs using 'parallel' executor
[1.235s] DEBUG:colcon.colcon_parallel_executor.executor.parallel:run_until_complete
[1.236s] INFO:colcon.colcon_ros.task.ament_cmake.build:Building ROS package in '/home/lx/robot/campus_patrol_robot/xiao_ying/src/livox_ros_driver2' with build type 'ament_cmake'
[1.236s] INFO:colcon.colcon_cmake.task.cmake.build:Building CMake package in '/home/lx/robot/campus_patrol_robot/xiao_ying/src/livox_ros_driver2'
[1.249s] INFO:colcon.colcon_core.plugin_system:Skipping extension 'colcon_core.shell.bat': Not used on non-Windows systems
[1.250s] INFO:colcon.colcon_core.shell:Skip shell extension 'powershell' for command environment: Not usable outside of PowerShell
[1.250s] DEBUG:colcon.colcon_core.shell:Skip shell extension 'dsv' for command environment
[1.279s] INFO:colcon.colcon_ros.task.ament_cmake.build:Building ROS package in '/home/lx/robot/campus_patrol_robot/xiao_ying/src/linefit_ground_segmentation_ros2/linefit_ground_segmentation' with build type 'ament_cmake'
[1.280s] INFO:colcon.colcon_cmake.task.cmake.build:Building CMake package in '/home/lx/robot/campus_patrol_robot/xiao_ying/src/linefit_ground_segmentation_ros2/linefit_ground_segmentation'
[1.293s] INFO:colcon.colcon_core.shell:Skip shell extension 'powershell' for command environment: Not usable outside of PowerShell
[1.293s] DEBUG:colcon.colcon_core.shell:Skip shell extension 'dsv' for command environment
[1.319s] INFO:colcon.colcon_ros.task.ament_cmake.build:Building ROS package in '/home/lx/robot/campus_patrol_robot/xiao_ying/src/imu_complementary_filter' with build type 'ament_cmake'
[1.320s] INFO:colcon.colcon_cmake.task.cmake.build:Building CMake package in '/home/lx/robot/campus_patrol_robot/xiao_ying/src/imu_complementary_filter'
[1.332s] INFO:colcon.colcon_core.shell:Skip shell extension 'powershell' for command environment: Not usable outside of PowerShell
[1.332s] DEBUG:colcon.colcon_core.shell:Skip shell extension 'dsv' for command environment
[1.359s] INFO:colcon.colcon_ros.task.ament_cmake.build:Building ROS package in '/home/lx/robot/campus_patrol_robot/xiao_ying/src/pointcloud_to_laserscan' with build type 'ament_cmake'
[1.359s] INFO:colcon.colcon_cmake.task.cmake.build:Building CMake package in '/home/lx/robot/campus_patrol_robot/xiao_ying/src/pointcloud_to_laserscan'
[1.372s] INFO:colcon.colcon_core.shell:Skip shell extension 'powershell' for command environment: Not usable outside of PowerShell
[1.372s] DEBUG:colcon.colcon_core.shell:Skip shell extension 'dsv' for command environment
[1.399s] INFO:colcon.colcon_ros.task.ament_cmake.build:Building ROS package in '/home/lx/robot/campus_patrol_robot/xiao_ying/src/xiao_ying_navigation' with build type 'ament_cmake'
[1.399s] INFO:colcon.colcon_cmake.task.cmake.build:Building CMake package in '/home/lx/robot/campus_patrol_robot/xiao_ying/src/xiao_ying_navigation'
[1.411s] INFO:colcon.colcon_core.shell:Skip shell extension 'powershell' for command environment: Not usable outside of PowerShell
[1.411s] DEBUG:colcon.colcon_core.shell:Skip shell extension 'dsv' for command environment
[1.442s] DEBUG:colcon.colcon_core.event_handler.log_command:Invoking command in '/home/lx/robot/campus_patrol_robot/xiao_ying/build/livox_ros_driver2': CMAKE_PREFIX_PATH=/opt/ros/humble /usr/bin/cmake /home/lx/robot/campus_patrol_robot/xiao_ying/src/livox_ros_driver2 -DCMAKE_INSTALL_PREFIX=/home/lx/robot/campus_patrol_robot/xiao_ying/install/livox_ros_driver2
[1.444s] DEBUG:colcon.colcon_core.event_handler.log_command:Invoking command in '/home/lx/robot/campus_patrol_robot/xiao_ying/build/linefit_ground_segmentation': CMAKE_PREFIX_PATH=/opt/ros/humble /usr/bin/cmake /home/lx/robot/campus_patrol_robot/xiao_ying/src/linefit_ground_segmentation_ros2/linefit_ground_segmentation -DCMAKE_INSTALL_PREFIX=/home/lx/robot/campus_patrol_robot/xiao_ying/install/linefit_ground_segmentation
[1.446s] DEBUG:colcon.colcon_core.event_handler.log_command:Invoking command in '/home/lx/robot/campus_patrol_robot/xiao_ying/build/imu_complementary_filter': CMAKE_PREFIX_PATH=/opt/ros/humble /usr/bin/cmake /home/lx/robot/campus_patrol_robot/xiao_ying/src/imu_complementary_filter -DCMAKE_INSTALL_PREFIX=/home/lx/robot/campus_patrol_robot/xiao_ying/install/imu_complementary_filter
[1.448s] DEBUG:colcon.colcon_core.event_handler.log_command:Invoking command in '/home/lx/robot/campus_patrol_robot/xiao_ying/build/pointcloud_to_laserscan': CMAKE_PREFIX_PATH=/opt/ros/humble /usr/bin/cmake /home/lx/robot/campus_patrol_robot/xiao_ying/src/pointcloud_to_laserscan -DCMAKE_INSTALL_PREFIX=/home/lx/robot/campus_patrol_robot/xiao_ying/install/pointcloud_to_laserscan
[1.450s] DEBUG:colcon.colcon_core.event_handler.log_command:Invoking command in '/home/lx/robot/campus_patrol_robot/xiao_ying/build/xiao_ying_navigation': CMAKE_PREFIX_PATH=/opt/ros/humble /usr/bin/cmake /home/lx/robot/campus_patrol_robot/xiao_ying/src/xiao_ying_navigation -DCMAKE_INSTALL_PREFIX=/home/lx/robot/campus_patrol_robot/xiao_ying/install/xiao_ying_navigation
[2.692s] DEBUG:colcon.colcon_core.event_handler.log_command:Invoked command in '/home/lx/robot/campus_patrol_robot/xiao_ying/build/xiao_ying_navigation' returned '0': CMAKE_PREFIX_PATH=/opt/ros/humble /usr/bin/cmake /home/lx/robot/campus_patrol_robot/xiao_ying/src/xiao_ying_navigation -DCMAKE_INSTALL_PREFIX=/home/lx/robot/campus_patrol_robot/xiao_ying/install/xiao_ying_navigation
[2.692s] DEBUG:colcon.colcon_core.event_handler.log_command:Invoking command in '/home/lx/robot/campus_patrol_robot/xiao_ying/build/xiao_ying_navigation': CMAKE_PREFIX_PATH=/opt/ros/humble /usr/bin/cmake --build /home/lx/robot/campus_patrol_robot/xiao_ying/build/xiao_ying_navigation -- -j12 -l12
[2.720s] DEBUG:colcon.colcon_core.event_handler.log_command:Invoked command in '/home/lx/robot/campus_patrol_robot/xiao_ying/build/xiao_ying_navigation' returned '0': CMAKE_PREFIX_PATH=/opt/ros/humble /usr/bin/cmake --build /home/lx/robot/campus_patrol_robot/xiao_ying/build/xiao_ying_navigation -- -j12 -l12
[2.739s] DEBUG:colcon.colcon_core.event_handler.log_command:Invoking command in '/home/lx/robot/campus_patrol_robot/xiao_ying/build/xiao_ying_navigation': CMAKE_PREFIX_PATH=/opt/ros/humble /usr/bin/cmake --install /home/lx/robot/campus_patrol_robot/xiao_ying/build/xiao_ying_navigation
[2.747s] Level 1:colcon.colcon_core.environment:create_environment_scripts_only(xiao_ying_navigation)
[2.748s] DEBUG:colcon.colcon_core.event_handler.log_command:Invoked command in '/home/lx/robot/campus_patrol_robot/xiao_ying/build/xiao_ying_navigation' returned '0': CMAKE_PREFIX_PATH=/opt/ros/humble /usr/bin/cmake --install /home/lx/robot/campus_patrol_robot/xiao_ying/build/xiao_ying_navigation
[2.763s] Level 1:colcon.colcon_core.environment:checking '/home/lx/robot/campus_patrol_robot/xiao_ying/install/xiao_ying_navigation' for CMake module files
[2.763s] Level 1:colcon.colcon_core.environment:checking '/home/lx/robot/campus_patrol_robot/xiao_ying/install/xiao_ying_navigation' for CMake config files
[2.763s] Level 1:colcon.colcon_core.shell:create_environment_hook('xiao_ying_navigation', 'cmake_prefix_path')
[2.776s] INFO:colcon.colcon_core.shell:Creating environment hook '/home/lx/robot/campus_patrol_robot/xiao_ying/install/xiao_ying_navigation/share/xiao_ying_navigation/hook/cmake_prefix_path.ps1'
[2.777s] INFO:colcon.colcon_core.shell:Creating environment descriptor '/home/lx/robot/campus_patrol_robot/xiao_ying/install/xiao_ying_navigation/share/xiao_ying_navigation/hook/cmake_prefix_path.dsv'
[2.777s] INFO:colcon.colcon_core.shell:Creating environment hook '/home/lx/robot/campus_patrol_robot/xiao_ying/install/xiao_ying_navigation/share/xiao_ying_navigation/hook/cmake_prefix_path.sh'
[2.778s] Level 1:colcon.colcon_core.environment:checking '/home/lx/robot/campus_patrol_robot/xiao_ying/install/xiao_ying_navigation/bin'
[2.778s] Level 1:colcon.colcon_core.environment:checking '/home/lx/robot/campus_patrol_robot/xiao_ying/install/xiao_ying_navigation/lib/pkgconfig/xiao_ying_navigation.pc'
[2.778s] Level 1:colcon.colcon_core.environment:checking '/home/lx/robot/campus_patrol_robot/xiao_ying/install/xiao_ying_navigation/lib/python3.10/site-packages'
[2.778s] Level 1:colcon.colcon_core.environment:checking '/home/lx/robot/campus_patrol_robot/xiao_ying/install/xiao_ying_navigation/bin'
[2.791s] INFO:colcon.colcon_core.shell:Creating package script '/home/lx/robot/campus_patrol_robot/xiao_ying/install/xiao_ying_navigation/share/xiao_ying_navigation/package.ps1'
[2.792s] INFO:colcon.colcon_core.shell:Creating package descriptor '/home/lx/robot/campus_patrol_robot/xiao_ying/install/xiao_ying_navigation/share/xiao_ying_navigation/package.dsv'
[2.792s] INFO:colcon.colcon_core.shell:Creating package script '/home/lx/robot/campus_patrol_robot/xiao_ying/install/xiao_ying_navigation/share/xiao_ying_navigation/package.sh'
[2.793s] INFO:colcon.colcon_core.shell:Creating package script '/home/lx/robot/campus_patrol_robot/xiao_ying/install/xiao_ying_navigation/share/xiao_ying_navigation/package.bash'
[2.794s] INFO:colcon.colcon_core.shell:Creating package script '/home/lx/robot/campus_patrol_robot/xiao_ying/install/xiao_ying_navigation/share/xiao_ying_navigation/package.zsh'
[2.794s] Level 1:colcon.colcon_core.environment:create_file_with_runtime_dependencies(/home/lx/robot/campus_patrol_robot/xiao_ying/install/xiao_ying_navigation/share/colcon-core/packages/xiao_ying_navigation)
[2.820s] Level 1:colcon.colcon_core.environment:create_environment_scripts_only(xiao_ying_navigation)
[2.835s] Level 1:colcon.colcon_core.environment:checking '/home/lx/robot/campus_patrol_robot/xiao_ying/install/xiao_ying_navigation' for CMake module files
[2.835s] Level 1:colcon.colcon_core.environment:checking '/home/lx/robot/campus_patrol_robot/xiao_ying/install/xiao_ying_navigation' for CMake config files
[2.835s] Level 1:colcon.colcon_core.shell:create_environment_hook('xiao_ying_navigation', 'cmake_prefix_path')
[2.848s] INFO:colcon.colcon_core.shell:Creating environment hook '/home/lx/robot/campus_patrol_robot/xiao_ying/install/xiao_ying_navigation/share/xiao_ying_navigation/hook/cmake_prefix_path.ps1'
[2.849s] INFO:colcon.colcon_core.shell:Creating environment descriptor '/home/lx/robot/campus_patrol_robot/xiao_ying/install/xiao_ying_navigation/share/xiao_ying_navigation/hook/cmake_prefix_path.dsv'
[2.849s] INFO:colcon.colcon_core.shell:Creating environment hook '/home/lx/robot/campus_patrol_robot/xiao_ying/install/xiao_ying_navigation/share/xiao_ying_navigation/hook/cmake_prefix_path.sh'
[2.849s] Level 1:colcon.colcon_core.environment:checking '/home/lx/robot/campus_patrol_robot/xiao_ying/install/xiao_ying_navigation/bin'
[2.849s] Level 1:colcon.colcon_core.environment:checking '/home/lx/robot/campus_patrol_robot/xiao_ying/install/xiao_ying_navigation/lib/pkgconfig/xiao_ying_navigation.pc'
[2.849s] Level 1:colcon.colcon_core.environment:checking '/home/lx/robot/campus_patrol_robot/xiao_ying/install/xiao_ying_navigation/lib/python3.10/site-packages'
[2.850s] Level 1:colcon.colcon_core.environment:checking '/home/lx/robot/campus_patrol_robot/xiao_ying/install/xiao_ying_navigation/bin'
[2.862s] INFO:colcon.colcon_core.shell:Creating package script '/home/lx/robot/campus_patrol_robot/xiao_ying/install/xiao_ying_navigation/share/xiao_ying_navigation/package.ps1'
[2.863s] INFO:colcon.colcon_core.shell:Creating package descriptor '/home/lx/robot/campus_patrol_robot/xiao_ying/install/xiao_ying_navigation/share/xiao_ying_navigation/package.dsv'
[2.863s] INFO:colcon.colcon_core.shell:Creating package script '/home/lx/robot/campus_patrol_robot/xiao_ying/install/xiao_ying_navigation/share/xiao_ying_navigation/package.sh'
[2.863s] INFO:colcon.colcon_core.shell:Creating package script '/home/lx/robot/campus_patrol_robot/xiao_ying/install/xiao_ying_navigation/share/xiao_ying_navigation/package.bash'
[2.864s] INFO:colcon.colcon_core.shell:Creating package script '/home/lx/robot/campus_patrol_robot/xiao_ying/install/xiao_ying_navigation/share/xiao_ying_navigation/package.zsh'
[2.864s] Level 1:colcon.colcon_core.environment:create_file_with_runtime_dependencies(/home/lx/robot/campus_patrol_robot/xiao_ying/install/xiao_ying_navigation/share/colcon-core/packages/xiao_ying_navigation)
[3.091s] DEBUG:colcon.colcon_core.event_handler.log_command:Invoked command in '/home/lx/robot/campus_patrol_robot/xiao_ying/build/imu_complementary_filter' returned '0': CMAKE_PREFIX_PATH=/opt/ros/humble /usr/bin/cmake /home/lx/robot/campus_patrol_robot/xiao_ying/src/imu_complementary_filter -DCMAKE_INSTALL_PREFIX=/home/lx/robot/campus_patrol_robot/xiao_ying/install/imu_complementary_filter
[3.093s] DEBUG:colcon.colcon_core.event_handler.log_command:Invoking command in '/home/lx/robot/campus_patrol_robot/xiao_ying/build/imu_complementary_filter': CMAKE_PREFIX_PATH=/opt/ros/humble /usr/bin/cmake --build /home/lx/robot/campus_patrol_robot/xiao_ying/build/imu_complementary_filter -- -j12 -l12
[3.186s] DEBUG:colcon.colcon_core.event_handler.log_command:Invoked command in '/home/lx/robot/campus_patrol_robot/xiao_ying/build/pointcloud_to_laserscan' returned '0': CMAKE_PREFIX_PATH=/opt/ros/humble /usr/bin/cmake /home/lx/robot/campus_patrol_robot/xiao_ying/src/pointcloud_to_laserscan -DCMAKE_INSTALL_PREFIX=/home/lx/robot/campus_patrol_robot/xiao_ying/install/pointcloud_to_laserscan
[3.188s] DEBUG:colcon.colcon_core.event_handler.log_command:Invoking command in '/home/lx/robot/campus_patrol_robot/xiao_ying/build/pointcloud_to_laserscan': CMAKE_PREFIX_PATH=/opt/ros/humble /usr/bin/cmake --build /home/lx/robot/campus_patrol_robot/xiao_ying/build/pointcloud_to_laserscan -- -j12 -l12
[5.641s] DEBUG:colcon.colcon_core.event_handler.log_command:Invoked command in '/home/lx/robot/campus_patrol_robot/xiao_ying/build/linefit_ground_segmentation' returned '0': CMAKE_PREFIX_PATH=/opt/ros/humble /usr/bin/cmake /home/lx/robot/campus_patrol_robot/xiao_ying/src/linefit_ground_segmentation_ros2/linefit_ground_segmentation -DCMAKE_INSTALL_PREFIX=/home/lx/robot/campus_patrol_robot/xiao_ying/install/linefit_ground_segmentation
[5.642s] DEBUG:colcon.colcon_core.event_handler.log_command:Invoking command in '/home/lx/robot/campus_patrol_robot/xiao_ying/build/linefit_ground_segmentation': CMAKE_PREFIX_PATH=/opt/ros/humble /usr/bin/cmake --build /home/lx/robot/campus_patrol_robot/xiao_ying/build/linefit_ground_segmentation -- -j12 -l12
[5.983s] DEBUG:colcon.colcon_core.event_handler.log_command:Invoked command in '/home/lx/robot/campus_patrol_robot/xiao_ying/build/livox_ros_driver2' returned '1': CMAKE_PREFIX_PATH=/opt/ros/humble /usr/bin/cmake /home/lx/robot/campus_patrol_robot/xiao_ying/src/livox_ros_driver2 -DCMAKE_INSTALL_PREFIX=/home/lx/robot/campus_patrol_robot/xiao_ying/install/livox_ros_driver2
[5.999s] Level 1:colcon.colcon_core.environment:create_environment_scripts_only(livox_ros_driver2)
[6.024s] Level 1:colcon.colcon_core.environment:checking '/home/lx/robot/campus_patrol_robot/xiao_ying/install/livox_ros_driver2' for CMake module files
[6.024s] Level 1:colcon.colcon_core.environment:checking '/home/lx/robot/campus_patrol_robot/xiao_ying/install/livox_ros_driver2' for CMake config files
[6.025s] Level 1:colcon.colcon_core.environment:checking '/home/lx/robot/campus_patrol_robot/xiao_ying/install/livox_ros_driver2/bin'
[6.025s] Level 1:colcon.colcon_core.environment:checking '/home/lx/robot/campus_patrol_robot/xiao_ying/install/livox_ros_driver2/lib/pkgconfig/livox_ros_driver2.pc'
[6.025s] Level 1:colcon.colcon_core.environment:checking '/home/lx/robot/campus_patrol_robot/xiao_ying/install/livox_ros_driver2/lib/python3.10/site-packages'
[6.025s] Level 1:colcon.colcon_core.environment:checking '/home/lx/robot/campus_patrol_robot/xiao_ying/install/livox_ros_driver2/bin'
[6.049s] INFO:colcon.colcon_core.shell:Creating package script '/home/lx/robot/campus_patrol_robot/xiao_ying/install/livox_ros_driver2/share/livox_ros_driver2/package.ps1'
[6.050s] INFO:colcon.colcon_core.shell:Creating package descriptor '/home/lx/robot/campus_patrol_robot/xiao_ying/install/livox_ros_driver2/share/livox_ros_driver2/package.dsv'
[6.050s] INFO:colcon.colcon_core.shell:Creating package script '/home/lx/robot/campus_patrol_robot/xiao_ying/install/livox_ros_driver2/share/livox_ros_driver2/package.sh'
[6.050s] INFO:colcon.colcon_core.shell:Creating package script '/home/lx/robot/campus_patrol_robot/xiao_ying/install/livox_ros_driver2/share/livox_ros_driver2/package.bash'
[6.051s] INFO:colcon.colcon_core.shell:Creating package script '/home/lx/robot/campus_patrol_robot/xiao_ying/install/livox_ros_driver2/share/livox_ros_driver2/package.zsh'
[6.051s] Level 1:colcon.colcon_core.environment:create_file_with_runtime_dependencies(/home/lx/robot/campus_patrol_robot/xiao_ying/install/livox_ros_driver2/share/colcon-core/packages/livox_ros_driver2)
[28.097s] DEBUG:colcon.colcon_parallel_executor.executor.parallel:closing loop
[28.097s] DEBUG:colcon.colcon_parallel_executor.executor.parallel:loop closed
[28.097s] DEBUG:colcon.colcon_parallel_executor.executor.parallel:run_until_complete finished with '1'
[28.097s] DEBUG:colcon.colcon_core.event_reactor:joining thread
[28.116s] INFO:colcon.colcon_core.plugin_system:Skipping extension 'colcon_notification.desktop_notification.terminal_notifier': Not used on non-Darwin systems
[28.116s] INFO:colcon.colcon_core.plugin_system:Skipping extension 'colcon_notification.desktop_notification.win32': Not used on non-Windows systems
[28.116s] INFO:colcon.colcon_notification.desktop_notification:Sending desktop notification using 'notify2'
[28.125s] DEBUG:colcon.colcon_core.event_reactor:joined thread
[28.144s] INFO:colcon.colcon_core.shell:Creating prefix script '/home/lx/robot/campus_patrol_robot/xiao_ying/install/local_setup.ps1'
[28.145s] INFO:colcon.colcon_core.shell:Creating prefix util module '/home/lx/robot/campus_patrol_robot/xiao_ying/install/_local_setup_util_ps1.py'
[28.146s] INFO:colcon.colcon_core.shell:Creating prefix chain script '/home/lx/robot/campus_patrol_robot/xiao_ying/install/setup.ps1'
[28.160s] INFO:colcon.colcon_core.shell:Creating prefix script '/home/lx/robot/campus_patrol_robot/xiao_ying/install/local_setup.sh'
[28.160s] INFO:colcon.colcon_core.shell:Creating prefix util module '/home/lx/robot/campus_patrol_robot/xiao_ying/install/_local_setup_util_sh.py'
[28.161s] INFO:colcon.colcon_core.shell:Creating prefix chain script '/home/lx/robot/campus_patrol_robot/xiao_ying/install/setup.sh'
[28.175s] INFO:colcon.colcon_core.shell:Creating prefix script '/home/lx/robot/campus_patrol_robot/xiao_ying/install/local_setup.bash'
[28.175s] INFO:colcon.colcon_core.shell:Creating prefix chain script '/home/lx/robot/campus_patrol_robot/xiao_ying/install/setup.bash'
[28.191s] INFO:colcon.colcon_core.shell:Creating prefix script '/home/lx/robot/campus_patrol_robot/xiao_ying/install/local_setup.zsh'
[28.192s] INFO:colcon.colcon_core.shell:Creating prefix chain script '/home/lx/robot/campus_patrol_robot/xiao_ying/install/setup.zsh'
