[1.120s] DEBUG:colcon:Command line arguments: ['/usr/bin/colcon', 'list', '-p', '--base-paths', '/home/lx/robot/campus_patrol_robot/xiao_ying']
[1.120s] DEBUG:colcon:Parsed command line arguments: Namespace(log_base=None, log_level=None, verb_name='list', build_base='build', ignore_user_meta=False, metas=['./colcon.meta'], base_paths=['/home/lx/robot/campus_patrol_robot/xiao_ying'], packages_ignore=None, packages_ignore_regex=None, paths=None, packages_up_to=None, packages_up_to_regex=None, packages_above=None, packages_above_and_dependencies=None, packages_above_depth=None, packages_select_by_dep=None, packages_skip_by_dep=None, packages_skip_up_to=None, packages_select_build_failed=False, packages_skip_build_finished=False, packages_select_test_failures=False, packages_skip_test_passed=False, packages_select=None, packages_skip=None, packages_select_regex=None, packages_skip_regex=None, packages_start=None, packages_end=None, allow_overriding=[], topological_order=False, names_only=False, paths_only=True, topological_graph=False, topological_graph_dot=False, topological_graph_density=False, topological_graph_legend=False, topological_graph_dot_cluster=False, topological_graph_dot_include_skipped=False, verb_parser=<colcon_defaults.argument_parser.defaults.DefaultArgumentsDecorator object at 0x7f1705b93700>, verb_extension=<colcon_package_information.verb.list.ListVerb object at 0x7f1705b9a080>, main=<bound method ListVerb.main of <colcon_package_information.verb.list.ListVerb object at 0x7f1705b9a080>>)
[1.191s] Level 1:colcon.colcon_core.package_discovery:discover_packages(colcon_meta) check parameters
[1.191s] Level 1:colcon.colcon_core.package_discovery:discover_packages(recursive) check parameters
[1.191s] Level 1:colcon.colcon_core.package_discovery:discover_packages(ignore) check parameters
[1.191s] Level 1:colcon.colcon_core.package_discovery:discover_packages(path) check parameters
[1.191s] Level 1:colcon.colcon_core.package_discovery:discover_packages(recursive) discover
[1.191s] INFO:colcon.colcon_core.package_discovery:Crawling recursively for packages in '/home/lx/robot/campus_patrol_robot/xiao_ying'
[1.191s] Level 1:colcon.colcon_core.package_identification:_identify(/home/lx/robot/campus_patrol_robot/xiao_ying) by extensions ['ignore', 'ignore_ament_install']
[1.191s] Level 1:colcon.colcon_core.package_identification:_identify(/home/lx/robot/campus_patrol_robot/xiao_ying) by extension 'ignore'
[1.191s] Level 1:colcon.colcon_core.package_identification:_identify(/home/lx/robot/campus_patrol_robot/xiao_ying) by extension 'ignore_ament_install'
[1.192s] Level 1:colcon.colcon_core.package_identification:_identify(/home/lx/robot/campus_patrol_robot/xiao_ying) by extensions ['colcon_pkg']
[1.192s] Level 1:colcon.colcon_core.package_identification:_identify(/home/lx/robot/campus_patrol_robot/xiao_ying) by extension 'colcon_pkg'
[1.192s] Level 1:colcon.colcon_core.package_identification:_identify(/home/lx/robot/campus_patrol_robot/xiao_ying) by extensions ['colcon_meta']
[1.192s] Level 1:colcon.colcon_core.package_identification:_identify(/home/lx/robot/campus_patrol_robot/xiao_ying) by extension 'colcon_meta'
[1.192s] Level 1:colcon.colcon_core.package_identification:_identify(/home/lx/robot/campus_patrol_robot/xiao_ying) by extensions ['ros']
[1.192s] Level 1:colcon.colcon_core.package_identification:_identify(/home/lx/robot/campus_patrol_robot/xiao_ying) by extension 'ros'
[1.208s] Level 1:colcon.colcon_core.package_identification:_identify(/home/lx/robot/campus_patrol_robot/xiao_ying) by extensions ['cmake', 'python']
[1.208s] Level 1:colcon.colcon_core.package_identification:_identify(/home/lx/robot/campus_patrol_robot/xiao_ying) by extension 'cmake'
[1.208s] Level 1:colcon.colcon_core.package_identification:_identify(/home/lx/robot/campus_patrol_robot/xiao_ying) by extension 'python'
[1.208s] Level 1:colcon.colcon_core.package_identification:_identify(/home/lx/robot/campus_patrol_robot/xiao_ying) by extensions ['python_setup_py']
[1.208s] Level 1:colcon.colcon_core.package_identification:_identify(/home/lx/robot/campus_patrol_robot/xiao_ying) by extension 'python_setup_py'
[1.208s] Level 1:colcon.colcon_core.package_identification:_identify(/home/lx/robot/campus_patrol_robot/xiao_ying/build) by extensions ['ignore', 'ignore_ament_install']
[1.208s] Level 1:colcon.colcon_core.package_identification:_identify(/home/lx/robot/campus_patrol_robot/xiao_ying/build) by extension 'ignore'
[1.209s] Level 1:colcon.colcon_core.package_identification:_identify(/home/lx/robot/campus_patrol_robot/xiao_ying/build) ignored
[1.209s] Level 1:colcon.colcon_core.package_identification:_identify(/home/lx/robot/campus_patrol_robot/xiao_ying/install) by extensions ['ignore', 'ignore_ament_install']
[1.209s] Level 1:colcon.colcon_core.package_identification:_identify(/home/lx/robot/campus_patrol_robot/xiao_ying/install) by extension 'ignore'
[1.209s] Level 1:colcon.colcon_core.package_identification:_identify(/home/lx/robot/campus_patrol_robot/xiao_ying/install) ignored
[1.209s] Level 1:colcon.colcon_core.package_identification:_identify(/home/lx/robot/campus_patrol_robot/xiao_ying/log) by extensions ['ignore', 'ignore_ament_install']
[1.209s] Level 1:colcon.colcon_core.package_identification:_identify(/home/lx/robot/campus_patrol_robot/xiao_ying/log) by extension 'ignore'
[1.209s] Level 1:colcon.colcon_core.package_identification:_identify(/home/lx/robot/campus_patrol_robot/xiao_ying/log) ignored
[1.209s] Level 1:colcon.colcon_core.package_identification:_identify(/home/lx/robot/campus_patrol_robot/xiao_ying/src) by extensions ['ignore', 'ignore_ament_install']
[1.210s] Level 1:colcon.colcon_core.package_identification:_identify(/home/lx/robot/campus_patrol_robot/xiao_ying/src) by extension 'ignore'
[1.210s] Level 1:colcon.colcon_core.package_identification:_identify(/home/lx/robot/campus_patrol_robot/xiao_ying/src) by extension 'ignore_ament_install'
[1.210s] Level 1:colcon.colcon_core.package_identification:_identify(/home/lx/robot/campus_patrol_robot/xiao_ying/src) by extensions ['colcon_pkg']
[1.210s] Level 1:colcon.colcon_core.package_identification:_identify(/home/lx/robot/campus_patrol_robot/xiao_ying/src) by extension 'colcon_pkg'
[1.210s] Level 1:colcon.colcon_core.package_identification:_identify(/home/lx/robot/campus_patrol_robot/xiao_ying/src) by extensions ['colcon_meta']
[1.210s] Level 1:colcon.colcon_core.package_identification:_identify(/home/lx/robot/campus_patrol_robot/xiao_ying/src) by extension 'colcon_meta'
[1.210s] Level 1:colcon.colcon_core.package_identification:_identify(/home/lx/robot/campus_patrol_robot/xiao_ying/src) by extensions ['ros']
[1.210s] Level 1:colcon.colcon_core.package_identification:_identify(/home/lx/robot/campus_patrol_robot/xiao_ying/src) by extension 'ros'
[1.210s] Level 1:colcon.colcon_core.package_identification:_identify(/home/lx/robot/campus_patrol_robot/xiao_ying/src) by extensions ['cmake', 'python']
[1.210s] Level 1:colcon.colcon_core.package_identification:_identify(/home/lx/robot/campus_patrol_robot/xiao_ying/src) by extension 'cmake'
[1.210s] Level 1:colcon.colcon_core.package_identification:_identify(/home/lx/robot/campus_patrol_robot/xiao_ying/src) by extension 'python'
[1.210s] Level 1:colcon.colcon_core.package_identification:_identify(/home/lx/robot/campus_patrol_robot/xiao_ying/src) by extensions ['python_setup_py']
[1.210s] Level 1:colcon.colcon_core.package_identification:_identify(/home/lx/robot/campus_patrol_robot/xiao_ying/src) by extension 'python_setup_py'
[1.210s] Level 1:colcon.colcon_core.package_identification:_identify(/home/lx/robot/campus_patrol_robot/xiao_ying/src/FAST_LIO) by extensions ['ignore', 'ignore_ament_install']
[1.211s] Level 1:colcon.colcon_core.package_identification:_identify(/home/lx/robot/campus_patrol_robot/xiao_ying/src/FAST_LIO) by extension 'ignore'
[1.211s] Level 1:colcon.colcon_core.package_identification:_identify(/home/lx/robot/campus_patrol_robot/xiao_ying/src/FAST_LIO) by extension 'ignore_ament_install'
[1.211s] Level 1:colcon.colcon_core.package_identification:_identify(/home/lx/robot/campus_patrol_robot/xiao_ying/src/FAST_LIO) by extensions ['colcon_pkg']
[1.211s] Level 1:colcon.colcon_core.package_identification:_identify(/home/lx/robot/campus_patrol_robot/xiao_ying/src/FAST_LIO) by extension 'colcon_pkg'
[1.211s] Level 1:colcon.colcon_core.package_identification:_identify(/home/lx/robot/campus_patrol_robot/xiao_ying/src/FAST_LIO) by extensions ['colcon_meta']
[1.211s] Level 1:colcon.colcon_core.package_identification:_identify(/home/lx/robot/campus_patrol_robot/xiao_ying/src/FAST_LIO) by extension 'colcon_meta'
[1.211s] Level 1:colcon.colcon_core.package_identification:_identify(/home/lx/robot/campus_patrol_robot/xiao_ying/src/FAST_LIO) by extensions ['ros']
[1.211s] Level 1:colcon.colcon_core.package_identification:_identify(/home/lx/robot/campus_patrol_robot/xiao_ying/src/FAST_LIO) by extension 'ros'
[1.216s] DEBUG:colcon.colcon_core.package_identification:Package '/home/lx/robot/campus_patrol_robot/xiao_ying/src/FAST_LIO' with type 'ros.ament_cmake' and name 'fast_lio'
[1.216s] Level 1:colcon.colcon_core.package_identification:_identify(/home/lx/robot/campus_patrol_robot/xiao_ying/src/imu_complementary_filter) by extensions ['ignore', 'ignore_ament_install']
[1.216s] Level 1:colcon.colcon_core.package_identification:_identify(/home/lx/robot/campus_patrol_robot/xiao_ying/src/imu_complementary_filter) by extension 'ignore'
[1.216s] Level 1:colcon.colcon_core.package_identification:_identify(/home/lx/robot/campus_patrol_robot/xiao_ying/src/imu_complementary_filter) by extension 'ignore_ament_install'
[1.216s] Level 1:colcon.colcon_core.package_identification:_identify(/home/lx/robot/campus_patrol_robot/xiao_ying/src/imu_complementary_filter) by extensions ['colcon_pkg']
[1.216s] Level 1:colcon.colcon_core.package_identification:_identify(/home/lx/robot/campus_patrol_robot/xiao_ying/src/imu_complementary_filter) by extension 'colcon_pkg'
[1.216s] Level 1:colcon.colcon_core.package_identification:_identify(/home/lx/robot/campus_patrol_robot/xiao_ying/src/imu_complementary_filter) by extensions ['colcon_meta']
[1.216s] Level 1:colcon.colcon_core.package_identification:_identify(/home/lx/robot/campus_patrol_robot/xiao_ying/src/imu_complementary_filter) by extension 'colcon_meta'
[1.217s] Level 1:colcon.colcon_core.package_identification:_identify(/home/lx/robot/campus_patrol_robot/xiao_ying/src/imu_complementary_filter) by extensions ['ros']
[1.217s] Level 1:colcon.colcon_core.package_identification:_identify(/home/lx/robot/campus_patrol_robot/xiao_ying/src/imu_complementary_filter) by extension 'ros'
[1.217s] DEBUG:colcon.colcon_core.package_identification:Package '/home/lx/robot/campus_patrol_robot/xiao_ying/src/imu_complementary_filter' with type 'ros.ament_cmake' and name 'imu_complementary_filter'
[1.218s] Level 1:colcon.colcon_core.package_identification:_identify(/home/lx/robot/campus_patrol_robot/xiao_ying/src/linefit_ground_segmentation_ros2) by extensions ['ignore', 'ignore_ament_install']
[1.218s] Level 1:colcon.colcon_core.package_identification:_identify(/home/lx/robot/campus_patrol_robot/xiao_ying/src/linefit_ground_segmentation_ros2) by extension 'ignore'
[1.218s] Level 1:colcon.colcon_core.package_identification:_identify(/home/lx/robot/campus_patrol_robot/xiao_ying/src/linefit_ground_segmentation_ros2) by extension 'ignore_ament_install'
[1.218s] Level 1:colcon.colcon_core.package_identification:_identify(/home/lx/robot/campus_patrol_robot/xiao_ying/src/linefit_ground_segmentation_ros2) by extensions ['colcon_pkg']
[1.218s] Level 1:colcon.colcon_core.package_identification:_identify(/home/lx/robot/campus_patrol_robot/xiao_ying/src/linefit_ground_segmentation_ros2) by extension 'colcon_pkg'
[1.218s] Level 1:colcon.colcon_core.package_identification:_identify(/home/lx/robot/campus_patrol_robot/xiao_ying/src/linefit_ground_segmentation_ros2) by extensions ['colcon_meta']
[1.218s] Level 1:colcon.colcon_core.package_identification:_identify(/home/lx/robot/campus_patrol_robot/xiao_ying/src/linefit_ground_segmentation_ros2) by extension 'colcon_meta'
[1.218s] Level 1:colcon.colcon_core.package_identification:_identify(/home/lx/robot/campus_patrol_robot/xiao_ying/src/linefit_ground_segmentation_ros2) by extensions ['ros']
[1.218s] Level 1:colcon.colcon_core.package_identification:_identify(/home/lx/robot/campus_patrol_robot/xiao_ying/src/linefit_ground_segmentation_ros2) by extension 'ros'
[1.218s] Level 1:colcon.colcon_core.package_identification:_identify(/home/lx/robot/campus_patrol_robot/xiao_ying/src/linefit_ground_segmentation_ros2) by extensions ['cmake', 'python']
[1.218s] Level 1:colcon.colcon_core.package_identification:_identify(/home/lx/robot/campus_patrol_robot/xiao_ying/src/linefit_ground_segmentation_ros2) by extension 'cmake'
[1.219s] Level 1:colcon.colcon_core.package_identification:_identify(/home/lx/robot/campus_patrol_robot/xiao_ying/src/linefit_ground_segmentation_ros2) by extension 'python'
[1.219s] Level 1:colcon.colcon_core.package_identification:_identify(/home/lx/robot/campus_patrol_robot/xiao_ying/src/linefit_ground_segmentation_ros2) by extensions ['python_setup_py']
[1.219s] Level 1:colcon.colcon_core.package_identification:_identify(/home/lx/robot/campus_patrol_robot/xiao_ying/src/linefit_ground_segmentation_ros2) by extension 'python_setup_py'
[1.219s] Level 1:colcon.colcon_core.package_identification:_identify(/home/lx/robot/campus_patrol_robot/xiao_ying/src/linefit_ground_segmentation_ros2/doc) by extensions ['ignore', 'ignore_ament_install']
[1.219s] Level 1:colcon.colcon_core.package_identification:_identify(/home/lx/robot/campus_patrol_robot/xiao_ying/src/linefit_ground_segmentation_ros2/doc) by extension 'ignore'
[1.219s] Level 1:colcon.colcon_core.package_identification:_identify(/home/lx/robot/campus_patrol_robot/xiao_ying/src/linefit_ground_segmentation_ros2/doc) by extension 'ignore_ament_install'
[1.219s] Level 1:colcon.colcon_core.package_identification:_identify(/home/lx/robot/campus_patrol_robot/xiao_ying/src/linefit_ground_segmentation_ros2/doc) by extensions ['colcon_pkg']
[1.219s] Level 1:colcon.colcon_core.package_identification:_identify(/home/lx/robot/campus_patrol_robot/xiao_ying/src/linefit_ground_segmentation_ros2/doc) by extension 'colcon_pkg'
[1.219s] Level 1:colcon.colcon_core.package_identification:_identify(/home/lx/robot/campus_patrol_robot/xiao_ying/src/linefit_ground_segmentation_ros2/doc) by extensions ['colcon_meta']
[1.219s] Level 1:colcon.colcon_core.package_identification:_identify(/home/lx/robot/campus_patrol_robot/xiao_ying/src/linefit_ground_segmentation_ros2/doc) by extension 'colcon_meta'
[1.219s] Level 1:colcon.colcon_core.package_identification:_identify(/home/lx/robot/campus_patrol_robot/xiao_ying/src/linefit_ground_segmentation_ros2/doc) by extensions ['ros']
[1.219s] Level 1:colcon.colcon_core.package_identification:_identify(/home/lx/robot/campus_patrol_robot/xiao_ying/src/linefit_ground_segmentation_ros2/doc) by extension 'ros'
[1.219s] Level 1:colcon.colcon_core.package_identification:_identify(/home/lx/robot/campus_patrol_robot/xiao_ying/src/linefit_ground_segmentation_ros2/doc) by extensions ['cmake', 'python']
[1.219s] Level 1:colcon.colcon_core.package_identification:_identify(/home/lx/robot/campus_patrol_robot/xiao_ying/src/linefit_ground_segmentation_ros2/doc) by extension 'cmake'
[1.219s] Level 1:colcon.colcon_core.package_identification:_identify(/home/lx/robot/campus_patrol_robot/xiao_ying/src/linefit_ground_segmentation_ros2/doc) by extension 'python'
[1.219s] Level 1:colcon.colcon_core.package_identification:_identify(/home/lx/robot/campus_patrol_robot/xiao_ying/src/linefit_ground_segmentation_ros2/doc) by extensions ['python_setup_py']
[1.219s] Level 1:colcon.colcon_core.package_identification:_identify(/home/lx/robot/campus_patrol_robot/xiao_ying/src/linefit_ground_segmentation_ros2/doc) by extension 'python_setup_py'
[1.220s] Level 1:colcon.colcon_core.package_identification:_identify(/home/lx/robot/campus_patrol_robot/xiao_ying/src/linefit_ground_segmentation_ros2/linefit_ground_segmentation) by extensions ['ignore', 'ignore_ament_install']
[1.220s] Level 1:colcon.colcon_core.package_identification:_identify(/home/lx/robot/campus_patrol_robot/xiao_ying/src/linefit_ground_segmentation_ros2/linefit_ground_segmentation) by extension 'ignore'
[1.220s] Level 1:colcon.colcon_core.package_identification:_identify(/home/lx/robot/campus_patrol_robot/xiao_ying/src/linefit_ground_segmentation_ros2/linefit_ground_segmentation) by extension 'ignore_ament_install'
[1.220s] Level 1:colcon.colcon_core.package_identification:_identify(/home/lx/robot/campus_patrol_robot/xiao_ying/src/linefit_ground_segmentation_ros2/linefit_ground_segmentation) by extensions ['colcon_pkg']
[1.220s] Level 1:colcon.colcon_core.package_identification:_identify(/home/lx/robot/campus_patrol_robot/xiao_ying/src/linefit_ground_segmentation_ros2/linefit_ground_segmentation) by extension 'colcon_pkg'
[1.220s] Level 1:colcon.colcon_core.package_identification:_identify(/home/lx/robot/campus_patrol_robot/xiao_ying/src/linefit_ground_segmentation_ros2/linefit_ground_segmentation) by extensions ['colcon_meta']
[1.220s] Level 1:colcon.colcon_core.package_identification:_identify(/home/lx/robot/campus_patrol_robot/xiao_ying/src/linefit_ground_segmentation_ros2/linefit_ground_segmentation) by extension 'colcon_meta'
[1.220s] Level 1:colcon.colcon_core.package_identification:_identify(/home/lx/robot/campus_patrol_robot/xiao_ying/src/linefit_ground_segmentation_ros2/linefit_ground_segmentation) by extensions ['ros']
[1.220s] Level 1:colcon.colcon_core.package_identification:_identify(/home/lx/robot/campus_patrol_robot/xiao_ying/src/linefit_ground_segmentation_ros2/linefit_ground_segmentation) by extension 'ros'
[1.221s] DEBUG:colcon.colcon_core.package_identification:Package '/home/lx/robot/campus_patrol_robot/xiao_ying/src/linefit_ground_segmentation_ros2/linefit_ground_segmentation' with type 'ros.ament_cmake' and name 'linefit_ground_segmentation'
[1.221s] Level 1:colcon.colcon_core.package_identification:_identify(/home/lx/robot/campus_patrol_robot/xiao_ying/src/linefit_ground_segmentation_ros2/linefit_ground_segmentation_ros) by extensions ['ignore', 'ignore_ament_install']
[1.221s] Level 1:colcon.colcon_core.package_identification:_identify(/home/lx/robot/campus_patrol_robot/xiao_ying/src/linefit_ground_segmentation_ros2/linefit_ground_segmentation_ros) by extension 'ignore'
[1.221s] Level 1:colcon.colcon_core.package_identification:_identify(/home/lx/robot/campus_patrol_robot/xiao_ying/src/linefit_ground_segmentation_ros2/linefit_ground_segmentation_ros) by extension 'ignore_ament_install'
[1.221s] Level 1:colcon.colcon_core.package_identification:_identify(/home/lx/robot/campus_patrol_robot/xiao_ying/src/linefit_ground_segmentation_ros2/linefit_ground_segmentation_ros) by extensions ['colcon_pkg']
[1.221s] Level 1:colcon.colcon_core.package_identification:_identify(/home/lx/robot/campus_patrol_robot/xiao_ying/src/linefit_ground_segmentation_ros2/linefit_ground_segmentation_ros) by extension 'colcon_pkg'
[1.221s] Level 1:colcon.colcon_core.package_identification:_identify(/home/lx/robot/campus_patrol_robot/xiao_ying/src/linefit_ground_segmentation_ros2/linefit_ground_segmentation_ros) by extensions ['colcon_meta']
[1.221s] Level 1:colcon.colcon_core.package_identification:_identify(/home/lx/robot/campus_patrol_robot/xiao_ying/src/linefit_ground_segmentation_ros2/linefit_ground_segmentation_ros) by extension 'colcon_meta'
[1.221s] Level 1:colcon.colcon_core.package_identification:_identify(/home/lx/robot/campus_patrol_robot/xiao_ying/src/linefit_ground_segmentation_ros2/linefit_ground_segmentation_ros) by extensions ['ros']
[1.221s] Level 1:colcon.colcon_core.package_identification:_identify(/home/lx/robot/campus_patrol_robot/xiao_ying/src/linefit_ground_segmentation_ros2/linefit_ground_segmentation_ros) by extension 'ros'
[1.222s] DEBUG:colcon.colcon_core.package_identification:Package '/home/lx/robot/campus_patrol_robot/xiao_ying/src/linefit_ground_segmentation_ros2/linefit_ground_segmentation_ros' with type 'ros.ament_cmake' and name 'linefit_ground_segmentation_ros'
[1.222s] Level 1:colcon.colcon_core.package_identification:_identify(/home/lx/robot/campus_patrol_robot/xiao_ying/src/livox_ros_driver2) by extensions ['ignore', 'ignore_ament_install']
[1.222s] Level 1:colcon.colcon_core.package_identification:_identify(/home/lx/robot/campus_patrol_robot/xiao_ying/src/livox_ros_driver2) by extension 'ignore'
[1.222s] Level 1:colcon.colcon_core.package_identification:_identify(/home/lx/robot/campus_patrol_robot/xiao_ying/src/livox_ros_driver2) by extension 'ignore_ament_install'
[1.222s] Level 1:colcon.colcon_core.package_identification:_identify(/home/lx/robot/campus_patrol_robot/xiao_ying/src/livox_ros_driver2) by extensions ['colcon_pkg']
[1.222s] Level 1:colcon.colcon_core.package_identification:_identify(/home/lx/robot/campus_patrol_robot/xiao_ying/src/livox_ros_driver2) by extension 'colcon_pkg'
[1.222s] Level 1:colcon.colcon_core.package_identification:_identify(/home/lx/robot/campus_patrol_robot/xiao_ying/src/livox_ros_driver2) by extensions ['colcon_meta']
[1.222s] Level 1:colcon.colcon_core.package_identification:_identify(/home/lx/robot/campus_patrol_robot/xiao_ying/src/livox_ros_driver2) by extension 'colcon_meta'
[1.222s] Level 1:colcon.colcon_core.package_identification:_identify(/home/lx/robot/campus_patrol_robot/xiao_ying/src/livox_ros_driver2) by extensions ['ros']
[1.223s] Level 1:colcon.colcon_core.package_identification:_identify(/home/lx/robot/campus_patrol_robot/xiao_ying/src/livox_ros_driver2) by extension 'ros'
[1.224s] DEBUG:colcon.colcon_core.package_identification:Package '/home/lx/robot/campus_patrol_robot/xiao_ying/src/livox_ros_driver2' with type 'ros.ament_cmake' and name 'livox_ros_driver2'
[1.224s] Level 1:colcon.colcon_core.package_identification:_identify(/home/lx/robot/campus_patrol_robot/xiao_ying/src/livox_to_pointcloud2) by extensions ['ignore', 'ignore_ament_install']
[1.224s] Level 1:colcon.colcon_core.package_identification:_identify(/home/lx/robot/campus_patrol_robot/xiao_ying/src/livox_to_pointcloud2) by extension 'ignore'
[1.224s] Level 1:colcon.colcon_core.package_identification:_identify(/home/lx/robot/campus_patrol_robot/xiao_ying/src/livox_to_pointcloud2) by extension 'ignore_ament_install'
[1.224s] Level 1:colcon.colcon_core.package_identification:_identify(/home/lx/robot/campus_patrol_robot/xiao_ying/src/livox_to_pointcloud2) by extensions ['colcon_pkg']
[1.224s] Level 1:colcon.colcon_core.package_identification:_identify(/home/lx/robot/campus_patrol_robot/xiao_ying/src/livox_to_pointcloud2) by extension 'colcon_pkg'
[1.224s] Level 1:colcon.colcon_core.package_identification:_identify(/home/lx/robot/campus_patrol_robot/xiao_ying/src/livox_to_pointcloud2) by extensions ['colcon_meta']
[1.224s] Level 1:colcon.colcon_core.package_identification:_identify(/home/lx/robot/campus_patrol_robot/xiao_ying/src/livox_to_pointcloud2) by extension 'colcon_meta'
[1.224s] Level 1:colcon.colcon_core.package_identification:_identify(/home/lx/robot/campus_patrol_robot/xiao_ying/src/livox_to_pointcloud2) by extensions ['ros']
[1.224s] Level 1:colcon.colcon_core.package_identification:_identify(/home/lx/robot/campus_patrol_robot/xiao_ying/src/livox_to_pointcloud2) by extension 'ros'
[1.231s] DEBUG:colcon.colcon_core.package_identification:Package '/home/lx/robot/campus_patrol_robot/xiao_ying/src/livox_to_pointcloud2' with type 'ros.ament_cmake' and name 'livox_to_pointcloud2'
[1.232s] Level 1:colcon.colcon_core.package_identification:_identify(/home/lx/robot/campus_patrol_robot/xiao_ying/src/pointcloud_to_laserscan) by extensions ['ignore', 'ignore_ament_install']
[1.232s] Level 1:colcon.colcon_core.package_identification:_identify(/home/lx/robot/campus_patrol_robot/xiao_ying/src/pointcloud_to_laserscan) by extension 'ignore'
[1.232s] Level 1:colcon.colcon_core.package_identification:_identify(/home/lx/robot/campus_patrol_robot/xiao_ying/src/pointcloud_to_laserscan) by extension 'ignore_ament_install'
[1.232s] Level 1:colcon.colcon_core.package_identification:_identify(/home/lx/robot/campus_patrol_robot/xiao_ying/src/pointcloud_to_laserscan) by extensions ['colcon_pkg']
[1.232s] Level 1:colcon.colcon_core.package_identification:_identify(/home/lx/robot/campus_patrol_robot/xiao_ying/src/pointcloud_to_laserscan) by extension 'colcon_pkg'
[1.232s] Level 1:colcon.colcon_core.package_identification:_identify(/home/lx/robot/campus_patrol_robot/xiao_ying/src/pointcloud_to_laserscan) by extensions ['colcon_meta']
[1.232s] Level 1:colcon.colcon_core.package_identification:_identify(/home/lx/robot/campus_patrol_robot/xiao_ying/src/pointcloud_to_laserscan) by extension 'colcon_meta'
[1.232s] Level 1:colcon.colcon_core.package_identification:_identify(/home/lx/robot/campus_patrol_robot/xiao_ying/src/pointcloud_to_laserscan) by extensions ['ros']
[1.232s] Level 1:colcon.colcon_core.package_identification:_identify(/home/lx/robot/campus_patrol_robot/xiao_ying/src/pointcloud_to_laserscan) by extension 'ros'
[1.234s] DEBUG:colcon.colcon_core.package_identification:Package '/home/lx/robot/campus_patrol_robot/xiao_ying/src/pointcloud_to_laserscan' with type 'ros.ament_cmake' and name 'pointcloud_to_laserscan'
[1.234s] Level 1:colcon.colcon_core.package_identification:_identify(/home/lx/robot/campus_patrol_robot/xiao_ying/src/start) by extensions ['ignore', 'ignore_ament_install']
[1.234s] Level 1:colcon.colcon_core.package_identification:_identify(/home/lx/robot/campus_patrol_robot/xiao_ying/src/start) by extension 'ignore'
[1.234s] Level 1:colcon.colcon_core.package_identification:_identify(/home/lx/robot/campus_patrol_robot/xiao_ying/src/start) by extension 'ignore_ament_install'
[1.234s] Level 1:colcon.colcon_core.package_identification:_identify(/home/lx/robot/campus_patrol_robot/xiao_ying/src/start) by extensions ['colcon_pkg']
[1.234s] Level 1:colcon.colcon_core.package_identification:_identify(/home/lx/robot/campus_patrol_robot/xiao_ying/src/start) by extension 'colcon_pkg'
[1.234s] Level 1:colcon.colcon_core.package_identification:_identify(/home/lx/robot/campus_patrol_robot/xiao_ying/src/start) by extensions ['colcon_meta']
[1.234s] Level 1:colcon.colcon_core.package_identification:_identify(/home/lx/robot/campus_patrol_robot/xiao_ying/src/start) by extension 'colcon_meta'
[1.234s] Level 1:colcon.colcon_core.package_identification:_identify(/home/lx/robot/campus_patrol_robot/xiao_ying/src/start) by extensions ['ros']
[1.234s] Level 1:colcon.colcon_core.package_identification:_identify(/home/lx/robot/campus_patrol_robot/xiao_ying/src/start) by extension 'ros'
[1.235s] DEBUG:colcon.colcon_core.package_identification:Package '/home/lx/robot/campus_patrol_robot/xiao_ying/src/start' with type 'ros.ament_cmake' and name 'start'
[1.235s] Level 1:colcon.colcon_core.package_identification:_identify(/home/lx/robot/campus_patrol_robot/xiao_ying/src/xiao_ying_navigation) by extensions ['ignore', 'ignore_ament_install']
[1.235s] Level 1:colcon.colcon_core.package_identification:_identify(/home/lx/robot/campus_patrol_robot/xiao_ying/src/xiao_ying_navigation) by extension 'ignore'
[1.235s] Level 1:colcon.colcon_core.package_identification:_identify(/home/lx/robot/campus_patrol_robot/xiao_ying/src/xiao_ying_navigation) by extension 'ignore_ament_install'
[1.235s] Level 1:colcon.colcon_core.package_identification:_identify(/home/lx/robot/campus_patrol_robot/xiao_ying/src/xiao_ying_navigation) by extensions ['colcon_pkg']
[1.235s] Level 1:colcon.colcon_core.package_identification:_identify(/home/lx/robot/campus_patrol_robot/xiao_ying/src/xiao_ying_navigation) by extension 'colcon_pkg'
[1.235s] Level 1:colcon.colcon_core.package_identification:_identify(/home/lx/robot/campus_patrol_robot/xiao_ying/src/xiao_ying_navigation) by extensions ['colcon_meta']
[1.235s] Level 1:colcon.colcon_core.package_identification:_identify(/home/lx/robot/campus_patrol_robot/xiao_ying/src/xiao_ying_navigation) by extension 'colcon_meta'
[1.235s] Level 1:colcon.colcon_core.package_identification:_identify(/home/lx/robot/campus_patrol_robot/xiao_ying/src/xiao_ying_navigation) by extensions ['ros']
[1.235s] Level 1:colcon.colcon_core.package_identification:_identify(/home/lx/robot/campus_patrol_robot/xiao_ying/src/xiao_ying_navigation) by extension 'ros'
[1.236s] DEBUG:colcon.colcon_core.package_identification:Package '/home/lx/robot/campus_patrol_robot/xiao_ying/src/xiao_ying_navigation' with type 'ros.ament_cmake' and name 'xiao_ying_navigation'
[1.236s] Level 1:colcon.colcon_core.package_discovery:discover_packages(recursive) using defaults
