[0.051s] Invoking command in '/home/lx/robot/campus_patrol_robot/xiao_ying/build/xiao_ying_navigation': CMAKE_PREFIX_PATH=/opt/ros/humble /usr/bin/cmake /home/lx/robot/campus_patrol_robot/xiao_ying/src/xiao_ying_navigation -DCMAKE_INSTALL_PREFIX=/home/lx/robot/campus_patrol_robot/xiao_ying/install/xiao_ying_navigation
[0.113s] -- The C compiler identification is GNU 11.4.0
[0.178s] -- The CXX compiler identification is GNU 11.4.0
[0.185s] -- Detecting C compiler ABI info
[0.241s] -- Detecting C compiler ABI info - done
[0.247s] -- Check for working C compiler: /usr/bin/cc - skipped
[0.247s] -- Detecting C compile features
[0.248s] -- Detecting C compile features - done
[0.250s] -- Detecting CXX compiler ABI info
[0.313s] -- Detecting CXX compiler ABI info - done
[0.320s] -- Check for working CXX compiler: /usr/bin/c++ - skipped
[0.320s] -- Detecting CXX compile features
[0.320s] -- Detecting CXX compile features - done
[0.325s] -- Found ament_cmake: 1.3.5 (/opt/ros/humble/share/ament_cmake/cmake)
[0.470s] -- Found Python3: /usr/bin/python3.10 (found version "3.10.12") found components: Interpreter 
[0.551s] -- Found rclcpp: 16.0.6 (/opt/ros/humble/share/rclcpp/cmake)
[0.590s] -- Found rosidl_generator_c: 3.1.5 (/opt/ros/humble/share/rosidl_generator_c/cmake)
[0.595s] -- Found rosidl_adapter: 3.1.5 (/opt/ros/humble/share/rosidl_adapter/cmake)
[0.603s] -- Found rosidl_generator_cpp: 3.1.5 (/opt/ros/humble/share/rosidl_generator_cpp/cmake)
[0.621s] -- Using all available rosidl_typesupport_c: rosidl_typesupport_fastrtps_c;rosidl_typesupport_introspection_c
[0.646s] -- Using all available rosidl_typesupport_cpp: rosidl_typesupport_fastrtps_cpp;rosidl_typesupport_introspection_cpp
[0.740s] -- Found rmw_implementation_cmake: 6.1.1 (/opt/ros/humble/share/rmw_implementation_cmake/cmake)
[0.744s] -- Found rmw_fastrtps_cpp: 6.2.4 (/opt/ros/humble/share/rmw_fastrtps_cpp/cmake)
[0.823s] -- Found OpenSSL: /usr/lib/x86_64-linux-gnu/libcrypto.so (found version "3.0.2")  
[0.850s] -- Found FastRTPS: /opt/ros/humble/include  
[0.896s] -- Using RMW implementation 'rmw_fastrtps_cpp' as default
[0.907s] -- Looking for pthread.h
[0.960s] -- Looking for pthread.h - found
[0.960s] -- Performing Test CMAKE_HAVE_LIBC_PTHREAD
[1.014s] -- Performing Test CMAKE_HAVE_LIBC_PTHREAD - Success
[1.015s] -- Found Threads: TRUE  
[1.215s] -- Found ament_lint_auto: 0.12.8 (/opt/ros/humble/share/ament_lint_auto/cmake)
[1.276s] -- Added test 'flake8' to check Python code syntax and style conventions
[1.277s] -- Added test 'lint_cmake' to check CMake code style
[1.277s] -- Added test 'pep257' to check Python code against some of the docstring style conventions in PEP 257
[1.278s] -- Added test 'xmllint' to check XML markup files
[1.279s] -- Configuring done
[1.283s] -- Generating done
[1.284s] -- Build files have been written to: /home/lx/robot/campus_patrol_robot/xiao_ying/build/xiao_ying_navigation
[1.293s] Invoked command in '/home/lx/robot/campus_patrol_robot/xiao_ying/build/xiao_ying_navigation' returned '0': CMAKE_PREFIX_PATH=/opt/ros/humble /usr/bin/cmake /home/lx/robot/campus_patrol_robot/xiao_ying/src/xiao_ying_navigation -DCMAKE_INSTALL_PREFIX=/home/lx/robot/campus_patrol_robot/xiao_ying/install/xiao_ying_navigation
[1.293s] Invoking command in '/home/lx/robot/campus_patrol_robot/xiao_ying/build/xiao_ying_navigation': CMAKE_PREFIX_PATH=/opt/ros/humble /usr/bin/cmake --build /home/lx/robot/campus_patrol_robot/xiao_ying/build/xiao_ying_navigation -- -j12 -l12
[1.321s] Invoked command in '/home/lx/robot/campus_patrol_robot/xiao_ying/build/xiao_ying_navigation' returned '0': CMAKE_PREFIX_PATH=/opt/ros/humble /usr/bin/cmake --build /home/lx/robot/campus_patrol_robot/xiao_ying/build/xiao_ying_navigation -- -j12 -l12
[1.339s] Invoking command in '/home/lx/robot/campus_patrol_robot/xiao_ying/build/xiao_ying_navigation': CMAKE_PREFIX_PATH=/opt/ros/humble /usr/bin/cmake --install /home/lx/robot/campus_patrol_robot/xiao_ying/build/xiao_ying_navigation
[1.345s] -- Install configuration: ""
[1.345s] -- Installing: /home/lx/robot/campus_patrol_robot/xiao_ying/install/xiao_ying_navigation/share/xiao_ying_navigation/launch
[1.345s] -- Installing: /home/lx/robot/campus_patrol_robot/xiao_ying/install/xiao_ying_navigation/share/xiao_ying_navigation/launch/navigation.launch.py
[1.345s] -- Installing: /home/lx/robot/campus_patrol_robot/xiao_ying/install/xiao_ying_navigation/share/xiao_ying_navigation/map
[1.345s] -- Installing: /home/lx/robot/campus_patrol_robot/xiao_ying/install/xiao_ying_navigation/share/xiao_ying_navigation/map/map.pgm
[1.345s] -- Installing: /home/lx/robot/campus_patrol_robot/xiao_ying/install/xiao_ying_navigation/share/xiao_ying_navigation/map/map.yaml
[1.346s] -- Installing: /home/lx/robot/campus_patrol_robot/xiao_ying/install/xiao_ying_navigation/share/xiao_ying_navigation/param
[1.346s] -- Installing: /home/lx/robot/campus_patrol_robot/xiao_ying/install/xiao_ying_navigation/share/xiao_ying_navigation/param/xiao_ying.yaml
[1.346s] -- Installing: /home/lx/robot/campus_patrol_robot/xiao_ying/install/xiao_ying_navigation/share/xiao_ying_navigation/rviz
[1.346s] -- Installing: /home/lx/robot/campus_patrol_robot/xiao_ying/install/xiao_ying_navigation/share/xiao_ying_navigation/rviz/show.rviz
[1.346s] -- Installing: /home/lx/robot/campus_patrol_robot/xiao_ying/install/xiao_ying_navigation/share/ament_index/resource_index/package_run_dependencies/xiao_ying_navigation
[1.346s] -- Installing: /home/lx/robot/campus_patrol_robot/xiao_ying/install/xiao_ying_navigation/share/ament_index/resource_index/parent_prefix_path/xiao_ying_navigation
[1.346s] -- Installing: /home/lx/robot/campus_patrol_robot/xiao_ying/install/xiao_ying_navigation/share/xiao_ying_navigation/environment/ament_prefix_path.sh
[1.346s] -- Installing: /home/lx/robot/campus_patrol_robot/xiao_ying/install/xiao_ying_navigation/share/xiao_ying_navigation/environment/ament_prefix_path.dsv
[1.346s] -- Installing: /home/lx/robot/campus_patrol_robot/xiao_ying/install/xiao_ying_navigation/share/xiao_ying_navigation/environment/path.sh
[1.347s] -- Installing: /home/lx/robot/campus_patrol_robot/xiao_ying/install/xiao_ying_navigation/share/xiao_ying_navigation/environment/path.dsv
[1.347s] -- Installing: /home/lx/robot/campus_patrol_robot/xiao_ying/install/xiao_ying_navigation/share/xiao_ying_navigation/local_setup.bash
[1.347s] -- Installing: /home/lx/robot/campus_patrol_robot/xiao_ying/install/xiao_ying_navigation/share/xiao_ying_navigation/local_setup.sh
[1.347s] -- Installing: /home/lx/robot/campus_patrol_robot/xiao_ying/install/xiao_ying_navigation/share/xiao_ying_navigation/local_setup.zsh
[1.347s] -- Installing: /home/lx/robot/campus_patrol_robot/xiao_ying/install/xiao_ying_navigation/share/xiao_ying_navigation/local_setup.dsv
[1.347s] -- Installing: /home/lx/robot/campus_patrol_robot/xiao_ying/install/xiao_ying_navigation/share/xiao_ying_navigation/package.dsv
[1.347s] -- Installing: /home/lx/robot/campus_patrol_robot/xiao_ying/install/xiao_ying_navigation/share/ament_index/resource_index/packages/xiao_ying_navigation
[1.347s] -- Installing: /home/lx/robot/campus_patrol_robot/xiao_ying/install/xiao_ying_navigation/share/xiao_ying_navigation/cmake/xiao_ying_navigationConfig.cmake
[1.347s] -- Installing: /home/lx/robot/campus_patrol_robot/xiao_ying/install/xiao_ying_navigation/share/xiao_ying_navigation/cmake/xiao_ying_navigationConfig-version.cmake
[1.347s] -- Installing: /home/lx/robot/campus_patrol_robot/xiao_ying/install/xiao_ying_navigation/share/xiao_ying_navigation/package.xml
[1.349s] Invoked command in '/home/lx/robot/campus_patrol_robot/xiao_ying/build/xiao_ying_navigation' returned '0': CMAKE_PREFIX_PATH=/opt/ros/humble /usr/bin/cmake --install /home/lx/robot/campus_patrol_robot/xiao_ying/build/xiao_ying_navigation
