[0.088s] Invoking command in '/home/lx/robot/campus_patrol_robot/xiao_ying/build/pointcloud_to_laserscan': CMAKE_PREFIX_PATH=/opt/ros/humble /usr/bin/cmake /home/lx/robot/campus_patrol_robot/xiao_ying/src/pointcloud_to_laserscan -DCMAKE_INSTALL_PREFIX=/home/lx/robot/campus_patrol_robot/xiao_ying/install/pointcloud_to_laserscan
[0.152s] -- The C compiler identification is GNU 11.4.0
[0.217s] -- The CXX compiler identification is GNU 11.4.0
[0.224s] -- Detecting C compiler ABI info
[0.280s] -- Detecting C compiler ABI info - done
[0.287s] -- Check for working C compiler: /usr/bin/cc - skipped
[0.287s] -- Detecting C compile features
[0.287s] -- Detecting C compile features - done
[0.290s] -- Detecting CXX compiler ABI info
[0.352s] -- Detecting CXX compiler ABI info - done
[0.358s] -- Check for working CXX compiler: /usr/bin/c++ - skipped
[0.359s] -- Detecting CXX compile features
[0.359s] -- Detecting CXX compile features - done
[0.362s] -- Found ament_cmake_auto: 1.3.5 (/opt/ros/humble/share/ament_cmake_auto/cmake)
[0.509s] -- Found Python3: /usr/bin/python3.10 (found version "3.10.12") found components: Interpreter 
[0.683s] -- Found rosidl_generator_c: 3.1.5 (/opt/ros/humble/share/rosidl_generator_c/cmake)
[0.687s] -- Found rosidl_adapter: 3.1.5 (/opt/ros/humble/share/rosidl_adapter/cmake)
[0.693s] -- Found rosidl_generator_cpp: 3.1.5 (/opt/ros/humble/share/rosidl_generator_cpp/cmake)
[0.704s] -- Using all available rosidl_typesupport_c: rosidl_typesupport_fastrtps_c;rosidl_typesupport_introspection_c
[0.720s] -- Using all available rosidl_typesupport_cpp: rosidl_typesupport_fastrtps_cpp;rosidl_typesupport_introspection_cpp
[0.780s] -- Found rmw_implementation_cmake: 6.1.1 (/opt/ros/humble/share/rmw_implementation_cmake/cmake)
[0.783s] -- Found rmw_fastrtps_cpp: 6.2.4 (/opt/ros/humble/share/rmw_fastrtps_cpp/cmake)
[0.864s] -- Found OpenSSL: /usr/lib/x86_64-linux-gnu/libcrypto.so (found version "3.0.2")  
[0.889s] -- Found FastRTPS: /opt/ros/humble/include  
[0.928s] -- Using RMW implementation 'rmw_fastrtps_cpp' as default
[0.937s] -- Looking for pthread.h
[0.989s] -- Looking for pthread.h - found
[0.989s] -- Performing Test CMAKE_HAVE_LIBC_PTHREAD
[1.044s] -- Performing Test CMAKE_HAVE_LIBC_PTHREAD - Success
[1.045s] -- Found Threads: TRUE  
[1.746s] -- Found ament_lint_auto: 0.12.8 (/opt/ros/humble/share/ament_lint_auto/cmake)
[1.765s] -- Added test 'cppcheck' to perform static code analysis on C / C++ code
[1.766s] -- Configured cppcheck include dirs: /home/lx/robot/campus_patrol_robot/xiao_ying/src/pointcloud_to_laserscan/include
[1.766s] -- Configured cppcheck exclude dirs and/or files: 
[1.769s] -- Added test 'cpplint' to check C / C++ code against the Google style
[1.769s] -- Configured cpplint exclude dirs and/or files: 
[1.769s] -- Added test 'flake8' to check Python code syntax and style conventions
[1.770s] -- Added test 'lint_cmake' to check CMake code style
[1.771s] -- Added test 'pep257' to check Python code against some of the docstring style conventions in PEP 257
[1.773s] -- Added test 'uncrustify' to check C / C++ code style
[1.773s] -- Configured uncrustify additional arguments: 
[1.773s] -- Added test 'xmllint' to check XML markup files
[1.776s] -- Configuring done
[1.811s] -- Generating done
[1.813s] -- Build files have been written to: /home/lx/robot/campus_patrol_robot/xiao_ying/build/pointcloud_to_laserscan
[1.826s] Invoked command in '/home/lx/robot/campus_patrol_robot/xiao_ying/build/pointcloud_to_laserscan' returned '0': CMAKE_PREFIX_PATH=/opt/ros/humble /usr/bin/cmake /home/lx/robot/campus_patrol_robot/xiao_ying/src/pointcloud_to_laserscan -DCMAKE_INSTALL_PREFIX=/home/lx/robot/campus_patrol_robot/xiao_ying/install/pointcloud_to_laserscan
[1.828s] Invoking command in '/home/lx/robot/campus_patrol_robot/xiao_ying/build/pointcloud_to_laserscan': CMAKE_PREFIX_PATH=/opt/ros/humble /usr/bin/cmake --build /home/lx/robot/campus_patrol_robot/xiao_ying/build/pointcloud_to_laserscan -- -j12 -l12
[1.868s] [ 10%] [32mBuilding CXX object CMakeFiles/laserscan_to_pointcloud_node.dir/rclcpp_components/node_main_laserscan_to_pointcloud_node.cpp.o[0m
[1.868s] [ 20%] [32mBuilding CXX object CMakeFiles/laserscan_to_pointcloud.dir/src/laserscan_to_pointcloud_node.cpp.o[0m
[1.873s] [ 30%] [32mBuilding CXX object CMakeFiles/pointcloud_to_laserscan_node.dir/rclcpp_components/node_main_pointcloud_to_laserscan_node.cpp.o[0m
[5.061s] [ 40%] [32m[1mLinking CXX executable laserscan_to_pointcloud_node[0m
[5.070s] [ 50%] [32m[1mLinking CXX executable pointcloud_to_laserscan_node[0m
[5.196s] [ 50%] Built target pointcloud_to_laserscan_node
[5.245s] [ 50%] Built target laserscan_to_pointcloud_node
[12.645s] [ 60%] [32m[1mLinking CXX shared library liblaserscan_to_pointcloud.so[0m
[13.240s] [ 60%] Built target laserscan_to_pointcloud
[13.257s] [ 70%] [32mBuilding CXX object CMakeFiles/pointcloud_to_laserscan.dir/src/pointcloud_to_laserscan_node.cpp.o[0m
[22.520s] [ 80%] [32m[1mLinking CXX shared library libpointcloud_to_laserscan.so[0m
[22.960s] [ 80%] Built target pointcloud_to_laserscan
[22.976s] [ 90%] [32mBuilding CXX object CMakeFiles/dummy_pointcloud_publisher.dir/src/dummy_pointcloud_publisher.cpp.o[0m
[26.531s] [100%] [32m[1mLinking CXX executable dummy_pointcloud_publisher[0m
[26.719s] [100%] Built target dummy_pointcloud_publisher
