[0.052s] Invoking command in '/home/lx/robot/campus_patrol_robot/xiao_ying/build/start': AMENT_PREFIX_PATH=/home/lx/robot/campus_patrol_robot/xiao_ying/install/livox_ros_driver2:${AMENT_PREFIX_PATH} CMAKE_PREFIX_PATH=/home/lx/robot/campus_patrol_robot/xiao_ying/install/livox_ros_driver2:/opt/ros/humble LD_LIBRARY_PATH=/home/lx/robot/campus_patrol_robot/xiao_ying/install/livox_ros_driver2/lib:${LD_LIBRARY_PATH} PYTHONPATH=/home/lx/robot/campus_patrol_robot/xiao_ying/install/livox_ros_driver2/local/lib/python3.10/dist-packages:${PYTHONPATH} /usr/bin/cmake /home/lx/robot/campus_patrol_robot/xiao_ying/src/start -DROS_EDITION=ROS2 -DHUMBLE_ROS=humble -DCMAKE_INSTALL_PREFIX=/home/lx/robot/campus_patrol_robot/xiao_ying/install/start
[0.113s] -- The C compiler identification is GNU 11.4.0
[0.170s] -- The CXX compiler identification is GNU 11.4.0
[0.177s] -- Detecting C compiler ABI info
[0.242s] -- Detecting C compiler ABI info - done
[0.249s] -- Check for working C compiler: /usr/bin/cc - skipped
[0.249s] -- Detecting C compile features
[0.250s] -- Detecting C compile features - done
[0.252s] -- Detecting CXX compiler ABI info
[0.331s] -- Detecting CXX compiler ABI info - done
[0.342s] -- Check for working CXX compiler: /usr/bin/c++ - skipped
[0.343s] -- Detecting CXX compile features
[0.343s] -- Detecting CXX compile features - done
[0.347s] -- Found ament_cmake: 1.3.5 (/opt/ros/humble/share/ament_cmake/cmake)
[0.525s] -- Found Python3: /usr/bin/python3.10 (found version "3.10.12") found components: Interpreter 
[0.602s] -- Found rclcpp: 16.0.6 (/opt/ros/humble/share/rclcpp/cmake)
[0.637s] -- Found rosidl_generator_c: 3.1.5 (/opt/ros/humble/share/rosidl_generator_c/cmake)
[0.643s] -- Found rosidl_adapter: 3.1.5 (/opt/ros/humble/share/rosidl_adapter/cmake)
[0.654s] -- Found rosidl_generator_cpp: 3.1.5 (/opt/ros/humble/share/rosidl_generator_cpp/cmake)
[0.668s] -- Using all available rosidl_typesupport_c: rosidl_typesupport_fastrtps_c;rosidl_typesupport_introspection_c
[0.685s] -- Using all available rosidl_typesupport_cpp: rosidl_typesupport_fastrtps_cpp;rosidl_typesupport_introspection_cpp
[0.750s] -- Found rmw_implementation_cmake: 6.1.1 (/opt/ros/humble/share/rmw_implementation_cmake/cmake)
[0.752s] -- Found rmw_fastrtps_cpp: 6.2.4 (/opt/ros/humble/share/rmw_fastrtps_cpp/cmake)
[0.837s] -- Found OpenSSL: /usr/lib/x86_64-linux-gnu/libcrypto.so (found version "3.0.2")  
[0.873s] -- Found FastRTPS: /opt/ros/humble/include  
[0.930s] -- Using RMW implementation 'rmw_fastrtps_cpp' as default
[0.942s] -- Looking for pthread.h
[0.997s] -- Looking for pthread.h - found
[0.997s] -- Performing Test CMAKE_HAVE_LIBC_PTHREAD
[1.052s] -- Performing Test CMAKE_HAVE_LIBC_PTHREAD - Success
[1.053s] -- Found Threads: TRUE  
[1.198s] -- Found ament_lint_auto: 0.12.8 (/opt/ros/humble/share/ament_lint_auto/cmake)
[1.270s] -- Added test 'flake8' to check Python code syntax and style conventions
[1.270s] -- Added test 'lint_cmake' to check CMake code style
[1.271s] -- Added test 'pep257' to check Python code against some of the docstring style conventions in PEP 257
[1.272s] -- Added test 'xmllint' to check XML markup files
[1.273s] -- Configuring done
[1.276s] -- Generating done
[1.277s] [33mCMake Warning:
[1.277s]   Manually-specified variables were not used by the project:
[1.277s] 
[1.277s]     HUMBLE_ROS
[1.277s]     ROS_EDITION
[1.277s] 
[1.277s] [0m
[1.277s] -- Build files have been written to: /home/lx/robot/campus_patrol_robot/xiao_ying/build/start
[1.287s] Invoked command in '/home/lx/robot/campus_patrol_robot/xiao_ying/build/start' returned '0': AMENT_PREFIX_PATH=/home/lx/robot/campus_patrol_robot/xiao_ying/install/livox_ros_driver2:${AMENT_PREFIX_PATH} CMAKE_PREFIX_PATH=/home/lx/robot/campus_patrol_robot/xiao_ying/install/livox_ros_driver2:/opt/ros/humble LD_LIBRARY_PATH=/home/lx/robot/campus_patrol_robot/xiao_ying/install/livox_ros_driver2/lib:${LD_LIBRARY_PATH} PYTHONPATH=/home/lx/robot/campus_patrol_robot/xiao_ying/install/livox_ros_driver2/local/lib/python3.10/dist-packages:${PYTHONPATH} /usr/bin/cmake /home/lx/robot/campus_patrol_robot/xiao_ying/src/start -DROS_EDITION=ROS2 -DHUMBLE_ROS=humble -DCMAKE_INSTALL_PREFIX=/home/lx/robot/campus_patrol_robot/xiao_ying/install/start
[1.289s] Invoking command in '/home/lx/robot/campus_patrol_robot/xiao_ying/build/start': AMENT_PREFIX_PATH=/home/lx/robot/campus_patrol_robot/xiao_ying/install/livox_ros_driver2:${AMENT_PREFIX_PATH} CMAKE_PREFIX_PATH=/home/lx/robot/campus_patrol_robot/xiao_ying/install/livox_ros_driver2:/opt/ros/humble LD_LIBRARY_PATH=/home/lx/robot/campus_patrol_robot/xiao_ying/install/livox_ros_driver2/lib:${LD_LIBRARY_PATH} PYTHONPATH=/home/lx/robot/campus_patrol_robot/xiao_ying/install/livox_ros_driver2/local/lib/python3.10/dist-packages:${PYTHONPATH} /usr/bin/cmake --build /home/lx/robot/campus_patrol_robot/xiao_ying/build/start -- -j12 -l12
[1.319s] Invoked command in '/home/lx/robot/campus_patrol_robot/xiao_ying/build/start' returned '0': AMENT_PREFIX_PATH=/home/lx/robot/campus_patrol_robot/xiao_ying/install/livox_ros_driver2:${AMENT_PREFIX_PATH} CMAKE_PREFIX_PATH=/home/lx/robot/campus_patrol_robot/xiao_ying/install/livox_ros_driver2:/opt/ros/humble LD_LIBRARY_PATH=/home/lx/robot/campus_patrol_robot/xiao_ying/install/livox_ros_driver2/lib:${LD_LIBRARY_PATH} PYTHONPATH=/home/lx/robot/campus_patrol_robot/xiao_ying/install/livox_ros_driver2/local/lib/python3.10/dist-packages:${PYTHONPATH} /usr/bin/cmake --build /home/lx/robot/campus_patrol_robot/xiao_ying/build/start -- -j12 -l12
[1.334s] Invoking command in '/home/lx/robot/campus_patrol_robot/xiao_ying/build/start': AMENT_PREFIX_PATH=/home/lx/robot/campus_patrol_robot/xiao_ying/install/livox_ros_driver2:${AMENT_PREFIX_PATH} CMAKE_PREFIX_PATH=/home/lx/robot/campus_patrol_robot/xiao_ying/install/livox_ros_driver2:/opt/ros/humble LD_LIBRARY_PATH=/home/lx/robot/campus_patrol_robot/xiao_ying/install/livox_ros_driver2/lib:${LD_LIBRARY_PATH} PYTHONPATH=/home/lx/robot/campus_patrol_robot/xiao_ying/install/livox_ros_driver2/local/lib/python3.10/dist-packages:${PYTHONPATH} /usr/bin/cmake --install /home/lx/robot/campus_patrol_robot/xiao_ying/build/start
[1.339s] -- Install configuration: ""
[1.340s] -- Installing: /home/lx/robot/campus_patrol_robot/xiao_ying/install/start/share/start//launch
[1.340s] -- Installing: /home/lx/robot/campus_patrol_robot/xiao_ying/install/start/share/start//launch/start.launch.py
[1.340s] -- Installing: /home/lx/robot/campus_patrol_robot/xiao_ying/install/start/share/ament_index/resource_index/package_run_dependencies/start
[1.340s] -- Installing: /home/lx/robot/campus_patrol_robot/xiao_ying/install/start/share/ament_index/resource_index/parent_prefix_path/start
[1.340s] -- Installing: /home/lx/robot/campus_patrol_robot/xiao_ying/install/start/share/start/environment/ament_prefix_path.sh
[1.340s] -- Installing: /home/lx/robot/campus_patrol_robot/xiao_ying/install/start/share/start/environment/ament_prefix_path.dsv
[1.340s] -- Installing: /home/lx/robot/campus_patrol_robot/xiao_ying/install/start/share/start/environment/path.sh
[1.340s] -- Installing: /home/lx/robot/campus_patrol_robot/xiao_ying/install/start/share/start/environment/path.dsv
[1.340s] -- Installing: /home/lx/robot/campus_patrol_robot/xiao_ying/install/start/share/start/local_setup.bash
[1.340s] -- Installing: /home/lx/robot/campus_patrol_robot/xiao_ying/install/start/share/start/local_setup.sh
[1.341s] -- Installing: /home/lx/robot/campus_patrol_robot/xiao_ying/install/start/share/start/local_setup.zsh
[1.341s] -- Installing: /home/lx/robot/campus_patrol_robot/xiao_ying/install/start/share/start/local_setup.dsv
[1.341s] -- Installing: /home/lx/robot/campus_patrol_robot/xiao_ying/install/start/share/start/package.dsv
[1.341s] -- Installing: /home/lx/robot/campus_patrol_robot/xiao_ying/install/start/share/ament_index/resource_index/packages/start
[1.341s] -- Installing: /home/lx/robot/campus_patrol_robot/xiao_ying/install/start/share/start/cmake/startConfig.cmake
[1.341s] -- Installing: /home/lx/robot/campus_patrol_robot/xiao_ying/install/start/share/start/cmake/startConfig-version.cmake
[1.341s] -- Installing: /home/lx/robot/campus_patrol_robot/xiao_ying/install/start/share/start/package.xml
[1.343s] Invoked command in '/home/lx/robot/campus_patrol_robot/xiao_ying/build/start' returned '0': AMENT_PREFIX_PATH=/home/lx/robot/campus_patrol_robot/xiao_ying/install/livox_ros_driver2:${AMENT_PREFIX_PATH} CMAKE_PREFIX_PATH=/home/lx/robot/campus_patrol_robot/xiao_ying/install/livox_ros_driver2:/opt/ros/humble LD_LIBRARY_PATH=/home/lx/robot/campus_patrol_robot/xiao_ying/install/livox_ros_driver2/lib:${LD_LIBRARY_PATH} PYTHONPATH=/home/lx/robot/campus_patrol_robot/xiao_ying/install/livox_ros_driver2/local/lib/python3.10/dist-packages:${PYTHONPATH} /usr/bin/cmake --install /home/lx/robot/campus_patrol_robot/xiao_ying/build/start
