[0.133s] Invoking command in '/home/lx/robot/campus_patrol_robot/xiao_ying/build/livox_to_pointcloud2': /usr/bin/cmake /home/lx/robot/campus_patrol_robot/xiao_ying/src/livox_to_pointcloud2 -DROS_EDITION=ROS2 -DHUMBLE_ROS=humble -DCATKIN_INSTALL_INTO_PREFIX_ROOT=0 -DCMAKE_INSTALL_PREFIX=/home/lx/robot/campus_patrol_robot/xiao_ying/install/livox_to_pointcloud2
[0.178s] -- The C compiler identification is GNU 11.4.0
[0.232s] -- The CXX compiler identification is GNU 11.4.0
[0.238s] -- Detecting C compiler ABI info
[0.293s] -- Detecting C compiler ABI info - done
[0.305s] -- Check for working C compiler: /usr/bin/cc - skipped
[0.305s] -- Detecting C compile features
[0.306s] -- Detecting C compile features - done
[0.308s] -- Detecting CXX compiler ABI info
[0.375s] -- Detecting CXX compiler ABI info - done
[0.381s] -- Check for working CXX compiler: /usr/bin/c++ - skipped
[0.382s] -- Detecting CXX compile features
[0.382s] -- Detecting CXX compile features - done
[0.383s] -- Configuring done
[0.383s] -- Generating done
[0.384s] [33mCMake Warning:
[0.384s]   Manually-specified variables were not used by the project:
[0.384s] 
[0.384s]     CATKIN_INSTALL_INTO_PREFIX_ROOT
[0.384s]     HUMBLE_ROS
[0.384s]     ROS_EDITION
[0.384s] 
[0.384s] [0m
[0.384s] -- Build files have been written to: /home/lx/robot/campus_patrol_robot/xiao_ying/build/livox_to_pointcloud2
[0.386s] Invoked command in '/home/lx/robot/campus_patrol_robot/xiao_ying/build/livox_to_pointcloud2' returned '0': /usr/bin/cmake /home/lx/robot/campus_patrol_robot/xiao_ying/src/livox_to_pointcloud2 -DROS_EDITION=ROS2 -DHUMBLE_ROS=humble -DCATKIN_INSTALL_INTO_PREFIX_ROOT=0 -DCMAKE_INSTALL_PREFIX=/home/lx/robot/campus_patrol_robot/xiao_ying/install/livox_to_pointcloud2
[0.388s] Invoking command in '/home/lx/robot/campus_patrol_robot/xiao_ying/build/livox_to_pointcloud2': /usr/bin/cmake --build /home/lx/robot/campus_patrol_robot/xiao_ying/build/livox_to_pointcloud2 -- -j12 -l12
[0.418s] Invoked command in '/home/lx/robot/campus_patrol_robot/xiao_ying/build/livox_to_pointcloud2' returned '0': /usr/bin/cmake --build /home/lx/robot/campus_patrol_robot/xiao_ying/build/livox_to_pointcloud2 -- -j12 -l12
