[0.072s] Invoking command in '/home/lx/robot/campus_patrol_robot/xiao_ying/build/linefit_ground_segmentation_ros': AMENT_PREFIX_PATH=/home/lx/robot/campus_patrol_robot/xiao_ying/install/linefit_ground_segmentation:${AMENT_PREFIX_PATH} CMAKE_PREFIX_PATH=/home/lx/robot/campus_patrol_robot/xiao_ying/install/linefit_ground_segmentation:/opt/ros/humble LD_LIBRARY_PATH=/home/lx/robot/campus_patrol_robot/xiao_ying/install/linefit_ground_segmentation/lib:${LD_LIBRARY_PATH} /usr/bin/cmake /home/lx/robot/campus_patrol_robot/xiao_ying/src/linefit_ground_segmentation_ros2/linefit_ground_segmentation_ros -DROS_EDITION=ROS2 -DHUMBLE_ROS=humble -DCMAKE_INSTALL_PREFIX=/home/lx/robot/campus_patrol_robot/xiao_ying/install/linefit_ground_segmentation_ros
[0.113s] -- The C compiler identification is GNU 11.4.0
[0.157s] -- The CXX compiler identification is GNU 11.4.0
[0.163s] -- Detecting C compiler ABI info
[0.217s] -- Detecting C compiler ABI info - done
[0.223s] -- Check for working C compiler: /usr/bin/cc - skipped
[0.223s] -- Detecting C compile features
[0.224s] -- Detecting C compile features - done
[0.226s] -- Detecting CXX compiler ABI info
[0.307s] -- Detecting CXX compiler ABI info - done
[0.318s] -- Check for working CXX compiler: /usr/bin/c++ - skipped
[0.318s] -- Detecting CXX compile features
[0.318s] -- Detecting CXX compile features - done
[0.321s] -- Found ament_cmake_auto: 1.3.5 (/opt/ros/humble/share/ament_cmake_auto/cmake)
[0.555s] -- Found Python3: /usr/bin/python3.10 (found version "3.10.12") found components: Interpreter 
[0.771s] -- Found rosidl_generator_c: 3.1.5 (/opt/ros/humble/share/rosidl_generator_c/cmake)
[0.775s] -- Found rosidl_adapter: 3.1.5 (/opt/ros/humble/share/rosidl_adapter/cmake)
[0.782s] -- Found rosidl_generator_cpp: 3.1.5 (/opt/ros/humble/share/rosidl_generator_cpp/cmake)
[0.795s] -- Using all available rosidl_typesupport_c: rosidl_typesupport_fastrtps_c;rosidl_typesupport_introspection_c
[0.813s] -- Using all available rosidl_typesupport_cpp: rosidl_typesupport_fastrtps_cpp;rosidl_typesupport_introspection_cpp
[0.876s] -- Found rmw_implementation_cmake: 6.1.1 (/opt/ros/humble/share/rmw_implementation_cmake/cmake)
[0.878s] -- Found rmw_fastrtps_cpp: 6.2.4 (/opt/ros/humble/share/rmw_fastrtps_cpp/cmake)
[0.985s] -- Found OpenSSL: /usr/lib/x86_64-linux-gnu/libcrypto.so (found version "3.0.2")  
[1.009s] -- Found FastRTPS: /opt/ros/humble/include  
[1.049s] -- Using RMW implementation 'rmw_fastrtps_cpp' as default
[1.057s] -- Looking for pthread.h
[1.114s] -- Looking for pthread.h - found
[1.115s] -- Performing Test CMAKE_HAVE_LIBC_PTHREAD
[1.171s] -- Performing Test CMAKE_HAVE_LIBC_PTHREAD - Success
[1.172s] -- Found Threads: TRUE  
[2.128s] -- Found eigen3_cmake_module: 0.1.1 (/opt/ros/humble/share/eigen3_cmake_module/cmake)
[2.129s] -- Found Eigen3: TRUE (found version "3.4.0") 
[2.129s] -- Ensuring Eigen3 include directory is part of orocos-kdl CMake target
[2.167s] -- Checking for module 'eigen3'
[2.185s] --   Found eigen3, version 3.4.0
[2.230s] -- Found Eigen: /usr/include/eigen3 (Required is at least version "3.1") 
[2.231s] -- Eigen found (include: /usr/include/eigen3, version: 3.4.0)
[2.302s] -- Checking for module 'flann'
[2.302s] --   Found flann, version 1.9.1
[2.353s] -- Found FLANN: /usr/lib/x86_64-linux-gnu/libflann_cpp.so  
[2.353s] -- FLANN found (include: /usr/include, lib: /usr/lib/x86_64-linux-gnu/libflann_cpp.so)
[3.283s] -- Checking for module 'libusb-1.0'
[3.296s] --   Found libusb-1.0, version 1.0.25
[3.325s] -- Found libusb: /usr/lib/x86_64-linux-gnu/libusb-1.0.so  
[3.326s] -- OpenNI found (version: 1.5.4.0, include: /usr/include/ni, lib: /usr/lib/libOpenNI.so;libusb::libusb)
[3.374s] -- OpenNI2 found (version: 2.2.0.33, include: /usr/include/openni2, lib: /usr/lib/x86_64-linux-gnu/libOpenNI2.so;libusb::libusb)
[3.528s] -- Eigen found (include: /usr/include/eigen3, version: 3.4.0)
[3.533s] -- OpenNI found (version: 1.5.4.0, include: /usr/include/ni, lib: /usr/lib/libOpenNI.so;libusb::libusb)
[3.539s] -- OpenNI2 found (version: 2.2.0.33, include: /usr/include/openni2, lib: /usr/lib/x86_64-linux-gnu/libOpenNI2.so;libusb::libusb)
[3.659s] -- Found Qhull version 8.0.2
[3.802s] -- OpenNI found (version: 1.5.4.0, include: /usr/include/ni, lib: /usr/lib/libOpenNI.so;libusb::libusb)
[3.953s] -- Found PCL_COMMON: /usr/lib/x86_64-linux-gnu/libpcl_common.so  
[3.954s] -- Found PCL_KDTREE: /usr/lib/x86_64-linux-gnu/libpcl_kdtree.so  
[3.955s] -- Found PCL_OCTREE: /usr/lib/x86_64-linux-gnu/libpcl_octree.so  
[3.958s] -- Found PCL_SEARCH: /usr/lib/x86_64-linux-gnu/libpcl_search.so  
[3.958s] -- Found PCL_SAMPLE_CONSENSUS: /usr/lib/x86_64-linux-gnu/libpcl_sample_consensus.so  
[3.960s] -- Found PCL_FILTERS: /usr/lib/x86_64-linux-gnu/libpcl_filters.so  
[3.960s] -- Found PCL_2D: /usr/include/pcl-1.12  
[3.961s] -- Found PCL_GEOMETRY: /usr/include/pcl-1.12  
[3.962s] -- Found PCL_IO: /usr/lib/x86_64-linux-gnu/libpcl_io.so  
[3.964s] -- Found PCL_FEATURES: /usr/lib/x86_64-linux-gnu/libpcl_features.so  
[3.965s] -- Found PCL_ML: /usr/lib/x86_64-linux-gnu/libpcl_ml.so  
[3.967s] -- Found PCL_SEGMENTATION: /usr/lib/x86_64-linux-gnu/libpcl_segmentation.so  
[3.969s] -- Found PCL_VISUALIZATION: /usr/lib/x86_64-linux-gnu/libpcl_visualization.so  
[3.970s] -- Found PCL_SURFACE: /usr/lib/x86_64-linux-gnu/libpcl_surface.so  
[3.972s] -- Found PCL_REGISTRATION: /usr/lib/x86_64-linux-gnu/libpcl_registration.so  
[3.974s] -- Found PCL_KEYPOINTS: /usr/lib/x86_64-linux-gnu/libpcl_keypoints.so  
[3.975s] -- Found PCL_TRACKING: /usr/lib/x86_64-linux-gnu/libpcl_tracking.so  
[3.977s] -- Found PCL_RECOGNITION: /usr/lib/x86_64-linux-gnu/libpcl_recognition.so  
[3.979s] -- Found PCL_STEREO: /usr/lib/x86_64-linux-gnu/libpcl_stereo.so  
[3.980s] -- Found PCL_APPS: /usr/lib/x86_64-linux-gnu/libpcl_apps.so  
[3.982s] -- Found PCL_IN_HAND_SCANNER: /usr/include/pcl-1.12  
[3.982s] -- Found PCL_MODELER: /usr/include/pcl-1.12  
[3.982s] -- Found PCL_POINT_CLOUD_EDITOR: /usr/include/pcl-1.12  
[3.985s] -- Found PCL_OUTOFCORE: /usr/lib/x86_64-linux-gnu/libpcl_outofcore.so  
[3.986s] -- Found PCL_PEOPLE: /usr/lib/x86_64-linux-gnu/libpcl_people.so  
[4.286s] -- Configuring done
[4.335s] -- Generating done
[4.336s] [33mCMake Warning:
[4.337s]   Manually-specified variables were not used by the project:
[4.337s] 
[4.337s]     HUMBLE_ROS
[4.337s]     ROS_EDITION
[4.337s] 
[4.337s] [0m
[4.337s] -- Build files have been written to: /home/lx/robot/campus_patrol_robot/xiao_ying/build/linefit_ground_segmentation_ros
[4.353s] Invoked command in '/home/lx/robot/campus_patrol_robot/xiao_ying/build/linefit_ground_segmentation_ros' returned '0': AMENT_PREFIX_PATH=/home/lx/robot/campus_patrol_robot/xiao_ying/install/linefit_ground_segmentation:${AMENT_PREFIX_PATH} CMAKE_PREFIX_PATH=/home/lx/robot/campus_patrol_robot/xiao_ying/install/linefit_ground_segmentation:/opt/ros/humble LD_LIBRARY_PATH=/home/lx/robot/campus_patrol_robot/xiao_ying/install/linefit_ground_segmentation/lib:${LD_LIBRARY_PATH} /usr/bin/cmake /home/lx/robot/campus_patrol_robot/xiao_ying/src/linefit_ground_segmentation_ros2/linefit_ground_segmentation_ros -DROS_EDITION=ROS2 -DHUMBLE_ROS=humble -DCMAKE_INSTALL_PREFIX=/home/lx/robot/campus_patrol_robot/xiao_ying/install/linefit_ground_segmentation_ros
[4.355s] Invoking command in '/home/lx/robot/campus_patrol_robot/xiao_ying/build/linefit_ground_segmentation_ros': AMENT_PREFIX_PATH=/home/lx/robot/campus_patrol_robot/xiao_ying/install/linefit_ground_segmentation:${AMENT_PREFIX_PATH} CMAKE_PREFIX_PATH=/home/lx/robot/campus_patrol_robot/xiao_ying/install/linefit_ground_segmentation:/opt/ros/humble LD_LIBRARY_PATH=/home/lx/robot/campus_patrol_robot/xiao_ying/install/linefit_ground_segmentation/lib:${LD_LIBRARY_PATH} /usr/bin/cmake --build /home/lx/robot/campus_patrol_robot/xiao_ying/build/linefit_ground_segmentation_ros -- -j12 -l12
[4.394s] [ 25%] [32mBuilding CXX object CMakeFiles/ground_segmentation_test_node.dir/src/ground_segmentation_test_node.cc.o[0m
[4.394s] [ 50%] [32mBuilding CXX object CMakeFiles/ground_segmentation_node.dir/src/ground_segmentation_node.cc.o[0m
[16.253s] [ 75%] [32m[1mLinking CXX executable ground_segmentation_test_node[0m
[16.876s] [ 75%] Built target ground_segmentation_test_node
[24.433s] [100%] [32m[1mLinking CXX executable ground_segmentation_node[0m
[24.991s] [100%] Built target ground_segmentation_node
[24.999s] Invoked command in '/home/lx/robot/campus_patrol_robot/xiao_ying/build/linefit_ground_segmentation_ros' returned '0': AMENT_PREFIX_PATH=/home/lx/robot/campus_patrol_robot/xiao_ying/install/linefit_ground_segmentation:${AMENT_PREFIX_PATH} CMAKE_PREFIX_PATH=/home/lx/robot/campus_patrol_robot/xiao_ying/install/linefit_ground_segmentation:/opt/ros/humble LD_LIBRARY_PATH=/home/lx/robot/campus_patrol_robot/xiao_ying/install/linefit_ground_segmentation/lib:${LD_LIBRARY_PATH} /usr/bin/cmake --build /home/lx/robot/campus_patrol_robot/xiao_ying/build/linefit_ground_segmentation_ros -- -j12 -l12
[25.019s] Invoking command in '/home/lx/robot/campus_patrol_robot/xiao_ying/build/linefit_ground_segmentation_ros': AMENT_PREFIX_PATH=/home/lx/robot/campus_patrol_robot/xiao_ying/install/linefit_ground_segmentation:${AMENT_PREFIX_PATH} CMAKE_PREFIX_PATH=/home/lx/robot/campus_patrol_robot/xiao_ying/install/linefit_ground_segmentation:/opt/ros/humble LD_LIBRARY_PATH=/home/lx/robot/campus_patrol_robot/xiao_ying/install/linefit_ground_segmentation/lib:${LD_LIBRARY_PATH} /usr/bin/cmake --install /home/lx/robot/campus_patrol_robot/xiao_ying/build/linefit_ground_segmentation_ros
[25.025s] -- Install configuration: ""
[25.025s] -- Installing: /home/lx/robot/campus_patrol_robot/xiao_ying/install/linefit_ground_segmentation_ros/lib/linefit_ground_segmentation_ros/ground_segmentation_node
[25.026s] -- Set runtime path of "/home/lx/robot/campus_patrol_robot/xiao_ying/install/linefit_ground_segmentation_ros/lib/linefit_ground_segmentation_ros/ground_segmentation_node" to ""
[25.026s] -- Installing: /home/lx/robot/campus_patrol_robot/xiao_ying/install/linefit_ground_segmentation_ros/lib/linefit_ground_segmentation_ros/ground_segmentation_test_node
[25.026s] -- Set runtime path of "/home/lx/robot/campus_patrol_robot/xiao_ying/install/linefit_ground_segmentation_ros/lib/linefit_ground_segmentation_ros/ground_segmentation_test_node" to ""
[25.026s] -- Installing: /home/lx/robot/campus_patrol_robot/xiao_ying/install/linefit_ground_segmentation_ros/share/linefit_ground_segmentation_ros/launch
[25.026s] -- Installing: /home/lx/robot/campus_patrol_robot/xiao_ying/install/linefit_ground_segmentation_ros/share/linefit_ground_segmentation_ros/launch/test.launch.py
[25.026s] -- Installing: /home/lx/robot/campus_patrol_robot/xiao_ying/install/linefit_ground_segmentation_ros/share/linefit_ground_segmentation_ros/launch/segmentation.launch.py
[25.026s] -- Installing: /home/lx/robot/campus_patrol_robot/xiao_ying/install/linefit_ground_segmentation_ros/share/linefit_ground_segmentation_ros/launch/segmentation_params.yaml
[25.026s] -- Installing: /home/lx/robot/campus_patrol_robot/xiao_ying/install/linefit_ground_segmentation_ros/share/ament_index/resource_index/package_run_dependencies/linefit_ground_segmentation_ros
[25.027s] -- Installing: /home/lx/robot/campus_patrol_robot/xiao_ying/install/linefit_ground_segmentation_ros/share/ament_index/resource_index/parent_prefix_path/linefit_ground_segmentation_ros
[25.027s] -- Installing: /home/lx/robot/campus_patrol_robot/xiao_ying/install/linefit_ground_segmentation_ros/share/linefit_ground_segmentation_ros/environment/ament_prefix_path.sh
[25.027s] -- Installing: /home/lx/robot/campus_patrol_robot/xiao_ying/install/linefit_ground_segmentation_ros/share/linefit_ground_segmentation_ros/environment/ament_prefix_path.dsv
[25.027s] -- Installing: /home/lx/robot/campus_patrol_robot/xiao_ying/install/linefit_ground_segmentation_ros/share/linefit_ground_segmentation_ros/environment/path.sh
[25.027s] -- Installing: /home/lx/robot/campus_patrol_robot/xiao_ying/install/linefit_ground_segmentation_ros/share/linefit_ground_segmentation_ros/environment/path.dsv
[25.027s] -- Installing: /home/lx/robot/campus_patrol_robot/xiao_ying/install/linefit_ground_segmentation_ros/share/linefit_ground_segmentation_ros/local_setup.bash
[25.027s] -- Installing: /home/lx/robot/campus_patrol_robot/xiao_ying/install/linefit_ground_segmentation_ros/share/linefit_ground_segmentation_ros/local_setup.sh
[25.027s] -- Installing: /home/lx/robot/campus_patrol_robot/xiao_ying/install/linefit_ground_segmentation_ros/share/linefit_ground_segmentation_ros/local_setup.zsh
[25.027s] -- Installing: /home/lx/robot/campus_patrol_robot/xiao_ying/install/linefit_ground_segmentation_ros/share/linefit_ground_segmentation_ros/local_setup.dsv
[25.027s] -- Installing: /home/lx/robot/campus_patrol_robot/xiao_ying/install/linefit_ground_segmentation_ros/share/linefit_ground_segmentation_ros/package.dsv
[25.027s] -- Installing: /home/lx/robot/campus_patrol_robot/xiao_ying/install/linefit_ground_segmentation_ros/share/ament_index/resource_index/packages/linefit_ground_segmentation_ros
[25.027s] -- Installing: /home/lx/robot/campus_patrol_robot/xiao_ying/install/linefit_ground_segmentation_ros/share/linefit_ground_segmentation_ros/cmake/ament_cmake_export_dependencies-extras.cmake
[25.028s] -- Installing: /home/lx/robot/campus_patrol_robot/xiao_ying/install/linefit_ground_segmentation_ros/share/linefit_ground_segmentation_ros/cmake/linefit_ground_segmentation_rosConfig.cmake
[25.028s] -- Installing: /home/lx/robot/campus_patrol_robot/xiao_ying/install/linefit_ground_segmentation_ros/share/linefit_ground_segmentation_ros/cmake/linefit_ground_segmentation_rosConfig-version.cmake
[25.028s] -- Installing: /home/lx/robot/campus_patrol_robot/xiao_ying/install/linefit_ground_segmentation_ros/share/linefit_ground_segmentation_ros/package.xml
[25.029s] Invoked command in '/home/lx/robot/campus_patrol_robot/xiao_ying/build/linefit_ground_segmentation_ros' returned '0': AMENT_PREFIX_PATH=/home/lx/robot/campus_patrol_robot/xiao_ying/install/linefit_ground_segmentation:${AMENT_PREFIX_PATH} CMAKE_PREFIX_PATH=/home/lx/robot/campus_patrol_robot/xiao_ying/install/linefit_ground_segmentation:/opt/ros/humble LD_LIBRARY_PATH=/home/lx/robot/campus_patrol_robot/xiao_ying/install/linefit_ground_segmentation/lib:${LD_LIBRARY_PATH} /usr/bin/cmake --install /home/lx/robot/campus_patrol_robot/xiao_ying/build/linefit_ground_segmentation_ros
